#
# There is insufficient memory for the Java Runtime Environment to continue.
# Native memory allocation (malloc) failed to allocate 1813136 bytes for Chunk::new
# Possible reasons:
#   The system is out of physical RAM or swap space
#   The process is running with CompressedOops enabled, and the Java Heap may be blocking the growth of the native heap
# Possible solutions:
#   Reduce memory load on the system
#   Increase physical memory or swap space
#   Check if swap backing store is full
#   Decrease Java heap size (-Xmx/-Xms)
#   Decrease number of Java threads
#   Decrease Java thread stack sizes (-Xss)
#   Set larger code cache with -XX:ReservedCodeCacheSize=
#   JVM is running with Unscaled Compressed Oops mode in which the Java heap is
#     placed in the first 4GB address space. The Java Heap base address is the
#     maximum limit for the native heap growth. Please use -XX:HeapBaseMinAddress
#     to set the Java Heap base and to place the Java Heap above 4GB virtual address.
# This output file may be truncated or incomplete.
#
#  Out of Memory Error (arena.cpp:189), pid=14844, tid=10356
#
# JRE version: Java(TM) SE Runtime Environment (17.0.6+9) (build 17.0.6+9-LTS-190)
# Java VM: Java HotSpot(TM) 64-Bit Server VM (17.0.6+9-LTS-190, mixed mode, sharing, tiered, compressed oops, compressed class ptrs, g1 gc, windows-amd64)
# No core dump will be written. Minidumps are not enabled by default on client versions of Windows
#

---------------  S U M M A R Y ------------

Command Line: C:\Users\HP\AppData\Local\Temp\surefire3135951717360716881\surefirebooter6146961001601603355.jar C:\Users\HP\AppData\Local\Temp\surefire3135951717360716881 2023-03-27T18-09-48_952-jvmRun1 surefire11223861427944885026tmp surefire_016713838437265577870tmp

Host: Intel(R) Core(TM) i5-6300U CPU @ 2.40GHz, 4 cores, 7G,  Windows 10 , 64 bit Build 19041 (10.0.19041.2546)
Time: Mon Mar 27 18:09:57 2023 India Standard Time elapsed time: 7.752565 seconds (0d 0h 0m 7s)

---------------  T H R E A D  ---------------

Current thread (0x00000184b50c17c0):  JavaThread "C2 CompilerThread0" daemon [_thread_in_native, id=10356, stack(0x0000005f92e00000,0x0000005f92f00000)]


Current CompileTask:
C2:   7752 3512       4       org.springframework.beans.factory.support.AbstractBeanFactory::isTypeMatch (619 bytes)

Stack: [0x0000005f92e00000,0x0000005f92f00000]
Native frames: (J=compiled Java code, j=interpreted, Vv=VM code, C=native code)
V  [jvm.dll+0x6734ea]
V  [jvm.dll+0x7d18f4]
V  [jvm.dll+0x7d309e]
V  [jvm.dll+0x7d3703]
V  [jvm.dll+0x2433c5]
V  [jvm.dll+0xaa46b]
V  [jvm.dll+0xaaa0c]
V  [jvm.dll+0x35eadf]
V  [jvm.dll+0x329401]
V  [jvm.dll+0x32889a]
V  [jvm.dll+0x215ddf]
V  [jvm.dll+0x215211]
V  [jvm.dll+0x1a1730]
V  [jvm.dll+0x224b6e]
V  [jvm.dll+0x222f15]
V  [jvm.dll+0x78753c]
V  [jvm.dll+0x781a7a]
V  [jvm.dll+0x672375]
C  [ucrtbase.dll+0x21bb2]
C  [KERNEL32.DLL+0x17614]
C  [ntdll.dll+0x526a1]


---------------  P R O C E S S  ---------------

Threads class SMR info:
_java_thread_list=0x00000184b8e144e0, length=16, elements={
0x000001849786d2c0, 0x00000184b50a2ce0, 0x00000184b50a4b60, 0x00000184b50b9800,
0x00000184b50bb1c0, 0x00000184b50bbb70, 0x00000184b50bc520, 0x00000184b50c17c0,
0x00000184b50ca670, 0x00000184b50cd850, 0x00000184b5ca2f50, 0x00000184b5cb1a10,
0x00000184b5d01ba0, 0x00000184b5e5a4b0, 0x00000184b691f830, 0x00000184b7131110
}

Java Threads: ( => current thread )
  0x000001849786d2c0 JavaThread "main" [_thread_in_vm, id=7848, stack(0x0000005f92100000,0x0000005f92200000)]
  0x00000184b50a2ce0 JavaThread "Reference Handler" daemon [_thread_blocked, id=16772, stack(0x0000005f92800000,0x0000005f92900000)]
  0x00000184b50a4b60 JavaThread "Finalizer" daemon [_thread_blocked, id=10320, stack(0x0000005f92900000,0x0000005f92a00000)]
  0x00000184b50b9800 JavaThread "Signal Dispatcher" daemon [_thread_blocked, id=9852, stack(0x0000005f92a00000,0x0000005f92b00000)]
  0x00000184b50bb1c0 JavaThread "Attach Listener" daemon [_thread_blocked, id=13620, stack(0x0000005f92b00000,0x0000005f92c00000)]
  0x00000184b50bbb70 JavaThread "Service Thread" daemon [_thread_blocked, id=9492, stack(0x0000005f92c00000,0x0000005f92d00000)]
  0x00000184b50bc520 JavaThread "Monitor Deflation Thread" daemon [_thread_blocked, id=4724, stack(0x0000005f92d00000,0x0000005f92e00000)]
=>0x00000184b50c17c0 JavaThread "C2 CompilerThread0" daemon [_thread_in_native, id=10356, stack(0x0000005f92e00000,0x0000005f92f00000)]
  0x00000184b50ca670 JavaThread "C1 CompilerThread0" daemon [_thread_blocked, id=11552, stack(0x0000005f92f00000,0x0000005f93000000)]
  0x00000184b50cd850 JavaThread "Sweeper thread" daemon [_thread_blocked, id=13852, stack(0x0000005f93000000,0x0000005f93100000)]
  0x00000184b5ca2f50 JavaThread "Notification Thread" daemon [_thread_blocked, id=12316, stack(0x0000005f93100000,0x0000005f93200000)]
  0x00000184b5cb1a10 JavaThread "Common-Cleaner" daemon [_thread_blocked, id=6108, stack(0x0000005f93300000,0x0000005f93400000)]
  0x00000184b5d01ba0 JavaThread "surefire-forkedjvm-command-thread" daemon [_thread_in_native, id=13660, stack(0x0000005f93400000,0x0000005f93500000)]
  0x00000184b5e5a4b0 JavaThread "surefire-forkedjvm-ping-30s" daemon [_thread_in_native, id=8492, stack(0x0000005f93500000,0x0000005f93600000)]
  0x00000184b691f830 JavaThread "C2 CompilerThread1" daemon [_thread_in_native, id=10200, stack(0x0000005f93600000,0x0000005f93700000)]
  0x00000184b7131110 JavaThread "mysql-cj-abandoned-connection-cleanup" daemon [_thread_blocked, id=14420, stack(0x0000005f93b00000,0x0000005f93c00000)]

Other Threads:
  0x00000184b509d0e0 VMThread "VM Thread" [stack: 0x0000005f92700000,0x0000005f92800000] [id=10736]
  0x00000184978e1460 WatcherThread [stack: 0x0000005f93200000,0x0000005f93300000] [id=9504]
  0x00000184978c6090 GCTaskThread "GC Thread#0" [stack: 0x0000005f92200000,0x0000005f92300000] [id=7032]
  0x00000184b646ee30 GCTaskThread "GC Thread#1" [stack: 0x0000005f93700000,0x0000005f93800000] [id=10876]
  0x00000184b635ea70 GCTaskThread "GC Thread#2" [stack: 0x0000005f93800000,0x0000005f93900000] [id=10824]
  0x00000184b6015910 GCTaskThread "GC Thread#3" [stack: 0x0000005f93900000,0x0000005f93a00000] [id=4628]
  0x00000184978d9070 ConcurrentGCThread "G1 Main Marker" [stack: 0x0000005f92300000,0x0000005f92400000] [id=12856]
  0x00000184978da220 ConcurrentGCThread "G1 Conc#0" [stack: 0x0000005f92400000,0x0000005f92500000] [id=1960]
  0x0000018497941370 ConcurrentGCThread "G1 Refine#0" [stack: 0x0000005f92500000,0x0000005f92600000] [id=16108]
  0x00000184b6462a40 ConcurrentGCThread "G1 Refine#1" [stack: 0x0000005f93a00000,0x0000005f93b00000] [id=1076]
  0x0000018497941d90 ConcurrentGCThread "G1 Service" [stack: 0x0000005f92600000,0x0000005f92700000] [id=13760]

Threads with active compile tasks:
C2 CompilerThread0     7814 3512       4       org.springframework.beans.factory.support.AbstractBeanFactory::isTypeMatch (619 bytes)
C2 CompilerThread1     7814 3718   !   4       java.util.zip.ZipFile::getInputStream (275 bytes)

VM state: not at safepoint (normal execution)

VM Mutex/Monitor currently owned by a thread: None

Heap address: 0x0000000081c00000, size: 2020 MB, Compressed Oops mode: 32-bit

CDS archive(s) mapped at: [0x0000000800000000-0x0000000800bd0000-0x0000000800bd0000), size 12386304, SharedBaseAddress: 0x0000000800000000, ArchiveRelocationMode: 0.
Compressed class space mapped at: 0x0000000800c00000-0x0000000840c00000, reserved size: 1073741824
Narrow klass base: 0x0000000800000000, Narrow klass shift: 0, Narrow klass range: 0x100000000

GC Precious Log:
 CPUs: 4 total, 4 available
 Memory: 8072M
 Large Page Support: Disabled
 NUMA Support: Disabled
 Compressed Oops: Enabled (32-bit)
 Heap Region Size: 1M
 Heap Min Capacity: 8M
 Heap Initial Capacity: 128M
 Heap Max Capacity: 2020M
 Pre-touch: Disabled
 Parallel Workers: 4
 Concurrent Workers: 1
 Concurrent Refinement Workers: 4
 Periodic GC: Disabled

Heap:
 garbage-first heap   total 51200K, used 30502K [0x0000000081c00000, 0x0000000100000000)
  region size 1024K, 17 young (17408K), 3 survivors (3072K)
 Metaspace       used 33174K, committed 33536K, reserved 1081344K
  class space    used 4516K, committed 4672K, reserved 1048576K

Heap Regions: E=young(eden), S=young(survivor), O=old, HS=humongous(starts), HC=humongous(continues), CS=collection set, F=free, OA=open archive, CA=closed archive, TAMS=top-at-mark-start (previous, next)
|   0|0x0000000081c00000, 0x0000000081d00000, 0x0000000081d00000|100%|HS|  |TAMS 0x0000000081d00000, 0x0000000081c00000| Complete 
|   1|0x0000000081d00000, 0x0000000081e00000, 0x0000000081e00000|100%| O|  |TAMS 0x0000000081e00000, 0x0000000081d00000| Untracked 
|   2|0x0000000081e00000, 0x0000000081f00000, 0x0000000081f00000|100%| O|  |TAMS 0x0000000081f00000, 0x0000000081e00000| Untracked 
|   3|0x0000000081f00000, 0x0000000082000000, 0x0000000082000000|100%| O|  |TAMS 0x0000000082000000, 0x0000000081f00000| Untracked 
|   4|0x0000000082000000, 0x0000000082100000, 0x0000000082100000|100%| O|  |TAMS 0x0000000082100000, 0x0000000082000000| Untracked 
|   5|0x0000000082100000, 0x0000000082200000, 0x0000000082200000|100%| O|  |TAMS 0x0000000082200000, 0x0000000082100000| Untracked 
|   6|0x0000000082200000, 0x0000000082300000, 0x0000000082300000|100%| O|  |TAMS 0x0000000082300000, 0x0000000082200000| Untracked 
|   7|0x0000000082300000, 0x0000000082348200, 0x0000000082400000| 28%| O|  |TAMS 0x0000000082348200, 0x0000000082300000| Untracked 
|   8|0x0000000082400000, 0x0000000082500000, 0x0000000082500000|100%| O|  |TAMS 0x0000000082400000, 0x0000000082400000| Untracked 
|   9|0x0000000082500000, 0x0000000082600000, 0x0000000082600000|100%| O|  |TAMS 0x0000000082500000, 0x0000000082500000| Untracked 
|  10|0x0000000082600000, 0x0000000082700000, 0x0000000082700000|100%| O|  |TAMS 0x0000000082600000, 0x0000000082600000| Untracked 
|  11|0x0000000082700000, 0x0000000082800000, 0x0000000082800000|100%| O|  |TAMS 0x0000000082700000, 0x0000000082700000| Untracked 
|  12|0x0000000082800000, 0x0000000082900000, 0x0000000082900000|100%| O|  |TAMS 0x0000000082800000, 0x0000000082800000| Untracked 
|  13|0x0000000082900000, 0x0000000082900000, 0x0000000082a00000|  0%| F|  |TAMS 0x0000000082900000, 0x0000000082900000| Untracked 
|  14|0x0000000082a00000, 0x0000000082a00000, 0x0000000082b00000|  0%| F|  |TAMS 0x0000000082a00000, 0x0000000082a00000| Untracked 
|  15|0x0000000082b00000, 0x0000000082b00000, 0x0000000082c00000|  0%| F|  |TAMS 0x0000000082b00000, 0x0000000082b00000| Untracked 
|  16|0x0000000082c00000, 0x0000000082c00000, 0x0000000082d00000|  0%| F|  |TAMS 0x0000000082c00000, 0x0000000082c00000| Untracked 
|  17|0x0000000082d00000, 0x0000000082d00000, 0x0000000082e00000|  0%| F|  |TAMS 0x0000000082d00000, 0x0000000082d00000| Untracked 
|  18|0x0000000082e00000, 0x0000000082f00000, 0x0000000082f00000|100%| O|  |TAMS 0x0000000082e00000, 0x0000000082e00000| Untracked 
|  19|0x0000000082f00000, 0x0000000082f81800, 0x0000000083000000| 50%| O|  |TAMS 0x0000000082f00000, 0x0000000082f00000| Untracked 
|  20|0x0000000083000000, 0x0000000083000000, 0x0000000083100000|  0%| F|  |TAMS 0x0000000083000000, 0x0000000083000000| Untracked 
|  21|0x0000000083100000, 0x0000000083100000, 0x0000000083200000|  0%| F|  |TAMS 0x0000000083100000, 0x0000000083100000| Untracked 
|  22|0x0000000083200000, 0x0000000083200000, 0x0000000083300000|  0%| F|  |TAMS 0x0000000083200000, 0x0000000083200000| Untracked 
|  23|0x0000000083300000, 0x0000000083300000, 0x0000000083400000|  0%| F|  |TAMS 0x0000000083300000, 0x0000000083300000| Untracked 
|  24|0x0000000083400000, 0x0000000083400000, 0x0000000083500000|  0%| F|  |TAMS 0x0000000083400000, 0x0000000083400000| Untracked 
|  25|0x0000000083500000, 0x0000000083600000, 0x0000000083600000|100%| S|CS|TAMS 0x0000000083500000, 0x0000000083500000| Complete 
|  26|0x0000000083600000, 0x0000000083700000, 0x0000000083700000|100%| S|CS|TAMS 0x0000000083600000, 0x0000000083600000| Complete 
|  27|0x0000000083700000, 0x0000000083800000, 0x0000000083800000|100%| S|CS|TAMS 0x0000000083700000, 0x0000000083700000| Complete 
|  28|0x0000000083800000, 0x0000000083800000, 0x0000000083900000|  0%| F|  |TAMS 0x0000000083800000, 0x0000000083800000| Untracked 
|  29|0x0000000083900000, 0x0000000083900000, 0x0000000083a00000|  0%| F|  |TAMS 0x0000000083900000, 0x0000000083900000| Untracked 
|  30|0x0000000083a00000, 0x0000000083a00000, 0x0000000083b00000|  0%| F|  |TAMS 0x0000000083a00000, 0x0000000083a00000| Untracked 
|  31|0x0000000083b00000, 0x0000000083b00000, 0x0000000083c00000|  0%| F|  |TAMS 0x0000000083b00000, 0x0000000083b00000| Untracked 
|  32|0x0000000083c00000, 0x0000000083c00000, 0x0000000083d00000|  0%| F|  |TAMS 0x0000000083c00000, 0x0000000083c00000| Untracked 
|  33|0x0000000083d00000, 0x0000000083d00000, 0x0000000083e00000|  0%| F|  |TAMS 0x0000000083d00000, 0x0000000083d00000| Untracked 
|  34|0x0000000083e00000, 0x0000000083e00000, 0x0000000083f00000|  0%| F|  |TAMS 0x0000000083e00000, 0x0000000083e00000| Untracked 
|  35|0x0000000083f00000, 0x0000000083f00000, 0x0000000084000000|  0%| F|  |TAMS 0x0000000083f00000, 0x0000000083f00000| Untracked 
|  36|0x0000000084000000, 0x0000000084059d40, 0x0000000084100000| 35%| E|  |TAMS 0x0000000084000000, 0x0000000084000000| Complete 
|  37|0x0000000084100000, 0x0000000084200000, 0x0000000084200000|100%| E|CS|TAMS 0x0000000084100000, 0x0000000084100000| Complete 
|  38|0x0000000084200000, 0x0000000084300000, 0x0000000084300000|100%| E|CS|TAMS 0x0000000084200000, 0x0000000084200000| Complete 
|  39|0x0000000084300000, 0x0000000084400000, 0x0000000084400000|100%| E|CS|TAMS 0x0000000084300000, 0x0000000084300000| Complete 
|  40|0x0000000084400000, 0x0000000084500000, 0x0000000084500000|100%| E|CS|TAMS 0x0000000084400000, 0x0000000084400000| Complete 
|  41|0x0000000084500000, 0x0000000084600000, 0x0000000084600000|100%| E|CS|TAMS 0x0000000084500000, 0x0000000084500000| Complete 
|  42|0x0000000084600000, 0x0000000084700000, 0x0000000084700000|100%| E|CS|TAMS 0x0000000084600000, 0x0000000084600000| Complete 
|  69|0x0000000086100000, 0x0000000086200000, 0x0000000086200000|100%| E|CS|TAMS 0x0000000086100000, 0x0000000086100000| Complete 
|  70|0x0000000086200000, 0x0000000086300000, 0x0000000086300000|100%| E|CS|TAMS 0x0000000086200000, 0x0000000086200000| Complete 
|  71|0x0000000086300000, 0x0000000086400000, 0x0000000086400000|100%| E|CS|TAMS 0x0000000086300000, 0x0000000086300000| Complete 
|  72|0x0000000086400000, 0x0000000086500000, 0x0000000086500000|100%| E|CS|TAMS 0x0000000086400000, 0x0000000086400000| Complete 
|  73|0x0000000086500000, 0x0000000086600000, 0x0000000086600000|100%| E|CS|TAMS 0x0000000086500000, 0x0000000086500000| Complete 
|  74|0x0000000086600000, 0x0000000086700000, 0x0000000086700000|100%| E|CS|TAMS 0x0000000086600000, 0x0000000086600000| Complete 
| 127|0x0000000089b00000, 0x0000000089c00000, 0x0000000089c00000|100%| E|CS|TAMS 0x0000000089b00000, 0x0000000089b00000| Complete 

Card table byte_map: [0x00000184ae500000,0x00000184ae900000] _byte_map_base: 0x00000184ae0f2000

Marking Bits (Prev, Next): (CMBitMap*) 0x00000184978c8b00, (CMBitMap*) 0x00000184978c8ac0
 Prev Bits: [0x00000184b0c90000, 0x00000184b2c20000)
 Next Bits: [0x00000184aed00000, 0x00000184b0c90000)

Polling page: 0x0000018495770000

Metaspace:

Usage:
  Non-class:     27.99 MB used.
      Class:      4.41 MB used.
       Both:     32.40 MB used.

Virtual space:
  Non-class space:       32.00 MB reserved,      28.19 MB ( 88%) committed,  4 nodes.
      Class space:        1.00 GB reserved,       4.56 MB ( <1%) committed,  1 nodes.
             Both:        1.03 GB reserved,      32.75 MB (  3%) committed. 

Chunk freelists:
   Non-Class:  3.05 MB
       Class:  3.25 MB
        Both:  6.30 MB

MaxMetaspaceSize: unlimited
CompressedClassSpaceSize: 1.00 GB
Initial GC threshold: 21.00 MB
Current GC threshold: 35.12 MB
CDS: on
MetaspaceReclaimPolicy: balanced
 - commit_granule_bytes: 65536.
 - commit_granule_words: 8192.
 - virtual_space_node_default_size: 1048576.
 - enlarge_chunks_in_place: 1.
 - new_chunks_are_fully_committed: 0.
 - uncommit_free_chunks: 1.
 - use_allocation_guard: 0.
 - handle_deallocations: 1.


Internal statistics:

num_allocs_failed_limit: 3.
num_arena_births: 424.
num_arena_deaths: 0.
num_vsnodes_births: 5.
num_vsnodes_deaths: 0.
num_space_committed: 524.
num_space_uncommitted: 0.
num_chunks_returned_to_freelist: 3.
num_chunks_taken_from_freelist: 1655.
num_chunk_merges: 3.
num_chunk_splits: 1164.
num_chunks_enlarged: 886.
num_purges: 0.
num_inconsistent_stats: 0.

CodeHeap 'non-profiled nmethods': size=120000Kb used=2099Kb max_used=2099Kb free=117900Kb
 bounds [0x00000184a6bd0000, 0x00000184a6e40000, 0x00000184ae100000]
CodeHeap 'profiled nmethods': size=120000Kb used=8234Kb max_used=8234Kb free=111765Kb
 bounds [0x000001849f100000, 0x000001849f910000, 0x00000184a6630000]
CodeHeap 'non-nmethods': size=5760Kb used=1211Kb max_used=1342Kb free=4548Kb
 bounds [0x00000184a6630000, 0x00000184a68a0000, 0x00000184a6bd0000]
 total_blobs=4224 nmethods=3714 adapters=421
 compilation: enabled
              stopped_count=0, restarted_count=0
 full_count=0

Compilation events (20 events):
Event: 7.562 Thread 0x00000184b50ca670 3710       3       java.util.HashMap::get (19 bytes)
Event: 7.563 Thread 0x00000184b50ca670 nmethod 3710 0x000001849f909c10 code [0x000001849f909dc0, 0x000001849f909f88]
Event: 7.638 Thread 0x00000184b50ca670 3711       3       jdk.internal.loader.BuiltinClassLoader$1::hasMoreElements (5 bytes)
Event: 7.639 Thread 0x00000184b50ca670 nmethod 3711 0x000001849f90a090 code [0x000001849f90a220, 0x000001849f90a368]
Event: 7.654 Thread 0x00000184b691f830 nmethod 3614 0x00000184a6dd3a90 code [0x00000184a6dd3da0, 0x00000184a6dd7528]
Event: 7.656 Thread 0x00000184b691f830 3521       4       java.util.Optional::orElse (16 bytes)
Event: 7.656 Thread 0x00000184b691f830 nmethod 3521 0x00000184a6dd8c10 code [0x00000184a6dd8d80, 0x00000184a6dd8e18]
Event: 7.656 Thread 0x00000184b691f830 3646       4       java.lang.StringBuilder::length (5 bytes)
Event: 7.657 Thread 0x00000184b691f830 nmethod 3646 0x00000184a6dd8f10 code [0x00000184a6dd9080, 0x00000184a6dd90f8]
Event: 7.657 Thread 0x00000184b691f830 3515       4       org.springframework.core.annotation.RepeatableContainers::none (4 bytes)
Event: 7.657 Thread 0x00000184b691f830 nmethod 3515 0x00000184a6dd9210 code [0x00000184a6dd9380, 0x00000184a6dd93f8]
Event: 7.657 Thread 0x00000184b691f830 3650       4       java.util.Arrays$ArrayList::size (6 bytes)
Event: 7.658 Thread 0x00000184b691f830 nmethod 3650 0x00000184a6dd9510 code [0x00000184a6dd9680, 0x00000184a6dd9718]
Event: 7.693 Thread 0x00000184b691f830 3712   !   4       jdk.internal.loader.URLClassPath$JarLoader::checkResource (78 bytes)
Event: 7.703 Thread 0x00000184b50ca670 3714       1       java.util.Collections$EmptyEnumeration::hasMoreElements (2 bytes)
Event: 7.703 Thread 0x00000184b50ca670 nmethod 3714 0x00000184a6dd9810 code [0x00000184a6dd99a0, 0x00000184a6dd9a78]
Event: 7.708 Thread 0x00000184b691f830 nmethod 3712 0x00000184a6dd9b10 code [0x00000184a6dd9d00, 0x00000184a6dda408]
Event: 7.708 Thread 0x00000184b691f830 3713       4       sun.invoke.util.VerifyAccess::isSamePackage (37 bytes)
Event: 7.736 Thread 0x00000184b50ca670 3716       3       java.lang.reflect.AccessibleObject::checkAccess (40 bytes)
Event: 7.736 Thread 0x00000184b50ca670 nmethod 3716 0x000001849f90a410 code [0x000001849f90a5e0, 0x000001849f90a918]

GC Heap History (14 events):
Event: 0.639 GC heap before
{Heap before GC invocations=0 (full 0):
 garbage-first heap   total 131072K, used 13312K [0x0000000081c00000, 0x0000000100000000)
  region size 1024K, 13 young (13312K), 0 survivors (0K)
 Metaspace       used 2820K, committed 3008K, reserved 1056768K
  class space    used 294K, committed 384K, reserved 1048576K
}
Event: 0.648 GC heap after
{Heap after GC invocations=1 (full 0):
 garbage-first heap   total 131072K, used 7268K [0x0000000081c00000, 0x0000000100000000)
  region size 1024K, 2 young (2048K), 2 survivors (2048K)
 Metaspace       used 2820K, committed 3008K, reserved 1056768K
  class space    used 294K, committed 384K, reserved 1048576K
}
Event: 0.967 GC heap before
{Heap before GC invocations=1 (full 0):
 garbage-first heap   total 131072K, used 14436K [0x0000000081c00000, 0x0000000100000000)
  region size 1024K, 9 young (9216K), 2 survivors (2048K)
 Metaspace       used 4706K, committed 4864K, reserved 1056768K
  class space    used 564K, committed 640K, reserved 1048576K
}
Event: 0.970 GC heap after
{Heap after GC invocations=2 (full 0):
 garbage-first heap   total 131072K, used 7954K [0x0000000081c00000, 0x0000000100000000)
  region size 1024K, 1 young (1024K), 1 survivors (1024K)
 Metaspace       used 4706K, committed 4864K, reserved 1056768K
  class space    used 564K, committed 640K, reserved 1048576K
}
Event: 1.808 GC heap before
{Heap before GC invocations=2 (full 0):
 garbage-first heap   total 131072K, used 31506K [0x0000000081c00000, 0x0000000100000000)
  region size 1024K, 25 young (25600K), 1 survivors (1024K)
 Metaspace       used 11129K, committed 11328K, reserved 1064960K
  class space    used 1424K, committed 1536K, reserved 1048576K
}
Event: 1.813 GC heap after
{Heap after GC invocations=3 (full 0):
 garbage-first heap   total 131072K, used 9858K [0x0000000081c00000, 0x0000000100000000)
  region size 1024K, 3 young (3072K), 3 survivors (3072K)
 Metaspace       used 11129K, committed 11328K, reserved 1064960K
  class space    used 1424K, committed 1536K, reserved 1048576K
}
Event: 3.002 GC heap before
{Heap before GC invocations=3 (full 0):
 garbage-first heap   total 131072K, used 59010K [0x0000000081c00000, 0x0000000100000000)
  region size 1024K, 53 young (54272K), 3 survivors (3072K)
 Metaspace       used 21310K, committed 21504K, reserved 1073152K
  class space    used 2778K, committed 2880K, reserved 1048576K
}
Event: 3.012 GC heap after
{Heap after GC invocations=4 (full 0):
 garbage-first heap   total 131072K, used 13220K [0x0000000081c00000, 0x0000000100000000)
  region size 1024K, 6 young (6144K), 6 survivors (6144K)
 Metaspace       used 21310K, committed 21504K, reserved 1073152K
  class space    used 2778K, committed 2880K, reserved 1048576K
}
Event: 4.252 GC heap before
{Heap before GC invocations=5 (full 0):
 garbage-first heap   total 51200K, used 38820K [0x0000000081c00000, 0x0000000100000000)
  region size 1024K, 32 young (32768K), 6 survivors (6144K)
 Metaspace       used 24593K, committed 24768K, reserved 1073152K
  class space    used 3246K, committed 3328K, reserved 1048576K
}
Event: 4.265 GC heap after
{Heap after GC invocations=6 (full 0):
 garbage-first heap   total 51200K, used 14637K [0x0000000081c00000, 0x0000000100000000)
  region size 1024K, 5 young (5120K), 5 survivors (5120K)
 Metaspace       used 24593K, committed 24768K, reserved 1073152K
  class space    used 3246K, committed 3328K, reserved 1048576K
}
Event: 5.712 GC heap before
{Heap before GC invocations=6 (full 0):
 garbage-first heap   total 51200K, used 33069K [0x0000000081c00000, 0x0000000100000000)
  region size 1024K, 24 young (24576K), 5 survivors (5120K)
 Metaspace       used 27443K, committed 27776K, reserved 1073152K
  class space    used 3648K, committed 3840K, reserved 1048576K
}
Event: 5.726 GC heap after
{Heap after GC invocations=7 (full 0):
 garbage-first heap   total 51200K, used 16043K [0x0000000081c00000, 0x0000000100000000)
  region size 1024K, 2 young (2048K), 2 survivors (2048K)
 Metaspace       used 27443K, committed 27776K, reserved 1073152K
  class space    used 3648K, committed 3840K, reserved 1048576K
}
Event: 6.955 GC heap before
{Heap before GC invocations=7 (full 0):
 garbage-first heap   total 51200K, used 36523K [0x0000000081c00000, 0x0000000100000000)
  region size 1024K, 22 young (22528K), 2 survivors (2048K)
 Metaspace       used 30396K, committed 30784K, reserved 1081344K
  class space    used 4041K, committed 4224K, reserved 1048576K
}
Event: 6.964 GC heap after
{Heap after GC invocations=8 (full 0):
 garbage-first heap   total 51200K, used 17190K [0x0000000081c00000, 0x0000000100000000)
  region size 1024K, 3 young (3072K), 3 survivors (3072K)
 Metaspace       used 30396K, committed 30784K, reserved 1081344K
  class space    used 4041K, committed 4224K, reserved 1048576K
}

Deoptimization events (20 events):
Event: 6.490 Thread 0x00000184b7131110 Uncommon trap: trap_request=0xffffff45 fr.pc=0x00000184a6cd0810 relative=0x0000000000001db0
Event: 6.490 Thread 0x00000184b7131110 Uncommon trap: reason=unstable_if action=reinterpret pc=0x00000184a6cd0810 method=java.net.URL.<init>(Ljava/net/URL;Ljava/lang/String;Ljava/net/URLStreamHandler;)V @ 57 c2
Event: 6.490 Thread 0x00000184b7131110 DEOPT PACKING pc=0x00000184a6cd0810 sp=0x0000005f93bfec00
Event: 6.490 Thread 0x00000184b7131110 DEOPT UNPACKING pc=0x00000184a66823a3 sp=0x0000005f93bfebc0 mode 2
Event: 6.490 Thread 0x00000184b7131110 Uncommon trap: trap_request=0xffffff45 fr.pc=0x00000184a6cc7788 relative=0x00000000000030e8
Event: 6.490 Thread 0x00000184b7131110 Uncommon trap: reason=unstable_if action=reinterpret pc=0x00000184a6cc7788 method=java.net.URLStreamHandler.parseURL(Ljava/net/URL;Ljava/lang/String;II)V @ 57 c2
Event: 6.490 Thread 0x00000184b7131110 DEOPT PACKING pc=0x00000184a6cc7788 sp=0x0000005f93bfea80
Event: 6.490 Thread 0x00000184b7131110 DEOPT UNPACKING pc=0x00000184a66823a3 sp=0x0000005f93bfea30 mode 2
Event: 6.492 Thread 0x000001849786d2c0 Uncommon trap: trap_request=0xffffffde fr.pc=0x00000184a6cfee60 relative=0x00000000000013c0
Event: 6.492 Thread 0x000001849786d2c0 Uncommon trap: reason=class_check action=maybe_recompile pc=0x00000184a6cfee60 method=java.util.concurrent.ConcurrentHashMap.putVal(Ljava/lang/Object;Ljava/lang/Object;Z)Ljava/lang/Object; @ 242 c2
Event: 6.492 Thread 0x000001849786d2c0 DEOPT PACKING pc=0x00000184a6cfee60 sp=0x0000005f921faaa0
Event: 6.492 Thread 0x000001849786d2c0 DEOPT UNPACKING pc=0x00000184a66823a3 sp=0x0000005f921faa10 mode 2
Event: 6.612 Thread 0x000001849786d2c0 Uncommon trap: trap_request=0xfffffff4 fr.pc=0x00000184a6d4db9c relative=0x000000000000075c
Event: 6.612 Thread 0x000001849786d2c0 Uncommon trap: reason=null_check action=make_not_entrant pc=0x00000184a6d4db9c method=org.springframework.beans.factory.support.DefaultListableBeanFactory.getBeanDefinition(Ljava/lang/String;)Lorg/springframework/beans/factory/config/BeanDefinition; @ 10 
Event: 6.612 Thread 0x000001849786d2c0 DEOPT PACKING pc=0x00000184a6d4db9c sp=0x0000005f921fa3f0
Event: 6.612 Thread 0x000001849786d2c0 DEOPT UNPACKING pc=0x00000184a66823a3 sp=0x0000005f921fa328 mode 2
Event: 7.526 Thread 0x000001849786d2c0 Uncommon trap: trap_request=0xffffffc6 fr.pc=0x00000184a6c50bd8 relative=0x0000000000000498
Event: 7.526 Thread 0x000001849786d2c0 Uncommon trap: reason=bimorphic_or_optimized_type_check action=maybe_recompile pc=0x00000184a6c50bd8 method=java.util.HashMap.getNode(Ljava/lang/Object;)Ljava/util/HashMap$Node; @ 128 c2
Event: 7.526 Thread 0x000001849786d2c0 DEOPT PACKING pc=0x00000184a6c50bd8 sp=0x0000005f921fa240
Event: 7.526 Thread 0x000001849786d2c0 DEOPT UNPACKING pc=0x00000184a66823a3 sp=0x0000005f921fa158 mode 2

Classes unloaded (0 events):
No events

Classes redefined (0 events):
No events

Internal exceptions (20 events):
Event: 5.617 Thread 0x000001849786d2c0 Exception <a 'java/lang/NoSuchMethodError'{0x0000000083cbcf40}: 'int java.lang.invoke.DirectMethodHandle$Holder.invokeStaticInit(java.lang.Object, int, int)'> (0x0000000083cbcf40) 
thrown [s\open\src\hotspot\share\interpreter\linkResolver.cpp, line 759]
Event: 5.623 Thread 0x000001849786d2c0 Exception <a 'java/lang/NoSuchMethodError'{0x0000000083cc4d78}: 'int java.lang.invoke.DirectMethodHandle$Holder.invokeStaticInit(java.lang.Object, long, long)'> (0x0000000083cc4d78) 
thrown [s\open\src\hotspot\share\interpreter\linkResolver.cpp, line 759]
Event: 5.624 Thread 0x000001849786d2c0 Exception <a 'java/lang/NoSuchMethodError'{0x0000000083ccc118}: 'int java.lang.invoke.DirectMethodHandle$Holder.invokeStaticInit(java.lang.Object, float, float)'> (0x0000000083ccc118) 
thrown [s\open\src\hotspot\share\interpreter\linkResolver.cpp, line 759]
Event: 5.625 Thread 0x000001849786d2c0 Exception <a 'java/lang/NoSuchMethodError'{0x0000000083cd34c0}: 'int java.lang.invoke.DirectMethodHandle$Holder.invokeStaticInit(java.lang.Object, double, double)'> (0x0000000083cd34c0) 
thrown [s\open\src\hotspot\share\interpreter\linkResolver.cpp, line 759]
Event: 5.626 Thread 0x000001849786d2c0 Exception <a 'java/lang/NoSuchMethodError'{0x0000000083cd7fe0}: 'int java.lang.invoke.DirectMethodHandle$Holder.invokeStatic(java.lang.Object, long)'> (0x0000000083cd7fe0) 
thrown [s\open\src\hotspot\share\interpreter\linkResolver.cpp, line 759]
Event: 5.639 Thread 0x000001849786d2c0 Exception <a 'java/lang/NoSuchMethodError'{0x0000000083cfd3f8}: 'int java.lang.invoke.DirectMethodHandle$Holder.invokeSpecial(java.lang.Object, java.lang.Object, int)'> (0x0000000083cfd3f8) 
thrown [s\open\src\hotspot\share\interpreter\linkResolver.cpp, line 759]
Event: 5.640 Thread 0x000001849786d2c0 Exception <a 'java/lang/NoSuchMethodError'{0x0000000083b05750}: 'int java.lang.invoke.Invokers$Holder.linkToTargetMethod(java.lang.Object, java.lang.Object)'> (0x0000000083b05750) 
thrown [s\open\src\hotspot\share\interpreter\linkResolver.cpp, line 759]
Event: 5.663 Thread 0x000001849786d2c0 Exception <a 'java/lang/NoSuchMethodError'{0x0000000083b99a48}: 'java.lang.Object java.lang.invoke.DirectMethodHandle$Holder.invokeSpecial(java.lang.Object, java.lang.Object, java.lang.Object, java.lang.Object, java.lang.Object, java.lang.Object, java.lang.Object, java.lang.Object, java.lang.Object, java.lang.Object)'> (0x0000000083b99a48) 
thrown [s\open\src\hotspot\share\interpreter\linkResolver.cpp, line 759]
Event: 5.664 Thread 0x000001849786d2c0 Exception <a 'java/lang/NoSuchMethodError'{0x0000000083b9e828}: 'java.lang.Object java.lang.invoke.Invokers$Holder.invoke_MT(java.lang.Object, java.lang.Object, java.lang.Object, java.lang.Object, java.lang.Object, java.lang.Object, java.lang.Object, java.lang.Object, java.lang.Object, java.lang.Object)'> (0x0000000083b9e828) 
thrown [s\open\src\hotspot\share\interpreter\linkResolver.cpp, line 759]
Event: 5.683 Thread 0x000001849786d2c0 Exception <a 'java/lang/NoSuchMethodError'{0x0000000083bdf018}: 'java.lang.Object java.lang.invoke.DirectMethodHandle$Holder.invokeSpecial(java.lang.Object, java.lang.Object, int, java.lang.Object, java.lang.Object)'> (0x0000000083bdf018) 
thrown [s\open\src\hotspot\share\interpreter\linkResolver.cpp, line 759]
Event: 5.683 Thread 0x000001849786d2c0 Exception <a 'java/lang/NoSuchMethodError'{0x0000000083be3210}: 'java.lang.Object java.lang.invoke.DelegatingMethodHandle$Holder.delegate(java.lang.Object, int, java.lang.Object, java.lang.Object)'> (0x0000000083be3210) 
thrown [s\open\src\hotspot\share\interpreter\linkResolver.cpp, line 759]
Event: 5.691 Thread 0x000001849786d2c0 Exception <a 'java/lang/NoSuchMethodError'{0x0000000083bf4b18}: 'int java.lang.invoke.Invokers$Holder.linkToTargetMethod(java.lang.Object, java.lang.Object, java.lang.Object)'> (0x0000000083bf4b18) 
thrown [s\open\src\hotspot\share\interpreter\linkResolver.cpp, line 759]
Event: 5.825 Thread 0x000001849786d2c0 Exception <a 'java/lang/NoClassDefFoundError'{0x0000000086639fe0}: org/flywaydb/core/Flyway> (0x0000000086639fe0) 
thrown [s\open\src\hotspot\share\classfile\systemDictionary.cpp, line 245]
Event: 5.825 Thread 0x000001849786d2c0 Exception <a 'java/lang/NoClassDefFoundError'{0x000000008663c588}: liquibase/integration/spring/SpringLiquibase> (0x000000008663c588) 
thrown [s\open\src\hotspot\share\classfile\systemDictionary.cpp, line 245]
Event: 5.977 Thread 0x000001849786d2c0 Exception <a 'java/lang/NoClassDefFoundError'{0x00000000864f5ac8}: org/jooq/DSLContext> (0x00000000864f5ac8) 
thrown [s\open\src\hotspot\share\classfile\systemDictionary.cpp, line 245]
Event: 5.979 Thread 0x000001849786d2c0 Exception <a 'java/lang/NoClassDefFoundError'{0x000000008630a070}: org/springframework/batch/core/repository/JobRepository> (0x000000008630a070) 
thrown [s\open\src\hotspot\share\classfile\systemDictionary.cpp, line 245]
Event: 5.980 Thread 0x000001849786d2c0 Exception <a 'java/lang/NoClassDefFoundError'{0x000000008630c300}: org/quartz/Scheduler> (0x000000008630c300) 
thrown [s\open\src\hotspot\share\classfile\systemDictionary.cpp, line 245]
Event: 5.980 Thread 0x000001849786d2c0 Exception <a 'java/lang/NoClassDefFoundError'{0x000000008630ea78}: org/springframework/session/jdbc/JdbcIndexedSessionRepository> (0x000000008630ea78) 
thrown [s\open\src\hotspot\share\classfile\systemDictionary.cpp, line 245]
Event: 6.380 Thread 0x000001849786d2c0 Implicit null exception at 0x00000184a6d7f526 to 0x00000184a6d7ff7c
Event: 6.612 Thread 0x000001849786d2c0 Implicit null exception at 0x00000184a6d4d9c0 to 0x00000184a6d4db8c

VM Operations (20 events):
Event: 5.099 Executing VM operation: HandshakeAllThreads
Event: 5.099 Executing VM operation: HandshakeAllThreads done
Event: 5.590 Executing VM operation: HandshakeAllThreads
Event: 5.591 Executing VM operation: HandshakeAllThreads done
Event: 5.591 Executing VM operation: Cleanup
Event: 5.591 Executing VM operation: Cleanup done
Event: 5.595 Executing VM operation: HandshakeAllThreads
Event: 5.596 Executing VM operation: HandshakeAllThreads done
Event: 5.646 Executing VM operation: HandshakeAllThreads
Event: 5.646 Executing VM operation: HandshakeAllThreads done
Event: 5.650 Executing VM operation: HandshakeAllThreads
Event: 5.650 Executing VM operation: HandshakeAllThreads done
Event: 5.712 Executing VM operation: G1CollectForAllocation
Event: 5.726 Executing VM operation: G1CollectForAllocation done
Event: 6.378 Executing VM operation: ICBufferFull
Event: 6.378 Executing VM operation: ICBufferFull done
Event: 6.425 Executing VM operation: HandshakeAllThreads
Event: 6.425 Executing VM operation: HandshakeAllThreads done
Event: 6.955 Executing VM operation: G1CollectForAllocation
Event: 6.964 Executing VM operation: G1CollectForAllocation done

Events (20 events):
Event: 6.387 loading class java/beans/Introspector done
Event: 6.387 loading class java/beans/EventSetDescriptor
Event: 6.387 loading class java/beans/EventSetDescriptor done
Event: 6.387 loading class java/beans/Introspector$1
Event: 6.387 loading class jdk/internal/access/JavaBeansAccess
Event: 6.388 loading class jdk/internal/access/JavaBeansAccess done
Event: 6.388 loading class java/beans/Introspector$1 done
Event: 6.425 loading class java/util/concurrent/Executors$FinalizableDelegatedExecutorService
Event: 6.425 loading class java/util/concurrent/Executors$DelegatedExecutorService
Event: 6.425 loading class java/util/concurrent/Executors$DelegatedExecutorService done
Event: 6.425 loading class java/util/concurrent/Executors$FinalizableDelegatedExecutorService done
Event: 6.426 Thread 0x00000184b7131110 Thread added: 0x00000184b7131110
Event: 6.598 loading class javax/naming/Referenceable
Event: 6.598 loading class javax/naming/Referenceable done
Event: 6.670 loading class java/lang/instrument/ClassFileTransformer
Event: 6.670 loading class java/lang/instrument/ClassFileTransformer done
Event: 6.838 loading class java/util/ServiceLoader$ProviderSpliterator
Event: 6.839 loading class java/util/ServiceLoader$ProviderSpliterator done
Event: 7.207 loading class java/lang/reflect/GenericSignatureFormatError
Event: 7.207 loading class java/lang/reflect/GenericSignatureFormatError done


Dynamic libraries:
0x00007ff750690000 - 0x00007ff7506a0000 	C:\Program Files\Java\jdk-17\bin\java.exe
0x00007ffbce390000 - 0x00007ffbce588000 	C:\Windows\SYSTEM32\ntdll.dll
0x00007ffbcdcc0000 - 0x00007ffbcdd7f000 	C:\Windows\System32\KERNEL32.DLL
0x00007ffbcc100000 - 0x00007ffbcc3d2000 	C:\Windows\System32\KERNELBASE.dll
0x00007ffbcbc30000 - 0x00007ffbcbd30000 	C:\Windows\System32\ucrtbase.dll
0x00007ffbc22b0000 - 0x00007ffbc22c8000 	C:\Program Files\Java\jdk-17\bin\jli.dll
0x00007ffbcde00000 - 0x00007ffbcdeae000 	C:\Windows\System32\ADVAPI32.dll
0x00007ffbce1f0000 - 0x00007ffbce28e000 	C:\Windows\System32\msvcrt.dll
0x00007ffbccb00000 - 0x00007ffbccb9c000 	C:\Windows\System32\sechost.dll
0x00007ffbcdfe0000 - 0x00007ffbce104000 	C:\Windows\System32\RPCRT4.dll
0x00007ffbccf10000 - 0x00007ffbcd0b1000 	C:\Windows\System32\USER32.dll
0x00007ffbcbf40000 - 0x00007ffbcbf62000 	C:\Windows\System32\win32u.dll
0x00007ffbce300000 - 0x00007ffbce32b000 	C:\Windows\System32\GDI32.dll
0x00007ffbcba90000 - 0x00007ffbcbb9f000 	C:\Windows\System32\gdi32full.dll
0x00007ffbcbfe0000 - 0x00007ffbcc07d000 	C:\Windows\System32\msvcp_win.dll
0x00007ffbc2710000 - 0x00007ffbc272b000 	C:\Program Files\Java\jdk-17\bin\VCRUNTIME140.dll
0x00007ffbb6420000 - 0x00007ffbb66ba000 	C:\Windows\WinSxS\amd64_microsoft.windows.common-controls_6595b64144ccf1df_6.0.19041.1110_none_60b5254171f9507e\COMCTL32.dll
0x00007ffbc0d40000 - 0x00007ffbc0d4a000 	C:\Windows\SYSTEM32\VERSION.dll
0x00007ffbcc3e0000 - 0x00007ffbcc410000 	C:\Windows\System32\IMM32.DLL
0x00007ffbc2b90000 - 0x00007ffbc2b9c000 	C:\Program Files\Java\jdk-17\bin\vcruntime140_1.dll
0x00007ffba1800000 - 0x00007ffba188e000 	C:\Program Files\Java\jdk-17\bin\msvcp140.dll
0x00007ffb7ea50000 - 0x00007ffb7f627000 	C:\Program Files\Java\jdk-17\bin\server\jvm.dll
0x00007ffbce2f0000 - 0x00007ffbce2f8000 	C:\Windows\System32\PSAPI.DLL
0x00007ffbc2bf0000 - 0x00007ffbc2bf9000 	C:\Windows\SYSTEM32\WSOCK32.dll
0x00007ffbcd810000 - 0x00007ffbcd87b000 	C:\Windows\System32\WS2_32.dll
0x00007ffbac5a0000 - 0x00007ffbac5c7000 	C:\Windows\SYSTEM32\WINMM.dll
0x00007ffbca2e0000 - 0x00007ffbca2f2000 	C:\Windows\SYSTEM32\kernel.appcore.dll
0x00007ffbc26c0000 - 0x00007ffbc26ca000 	C:\Program Files\Java\jdk-17\bin\jimage.dll
0x00007ffbca0c0000 - 0x00007ffbca2a4000 	C:\Windows\SYSTEM32\DBGHELP.DLL
0x00007ffbafa60000 - 0x00007ffbafa95000 	C:\Windows\SYSTEM32\dbgcore.DLL
0x00007ffbcbba0000 - 0x00007ffbcbc22000 	C:\Windows\System32\bcryptPrimitives.dll
0x00007ffbbd690000 - 0x00007ffbbd6b5000 	C:\Program Files\Java\jdk-17\bin\java.dll
0x00007ffb9c8d0000 - 0x00007ffb9c9a7000 	C:\Program Files\Java\jdk-17\bin\jsvml.dll
0x00007ffbcd0c0000 - 0x00007ffbcd805000 	C:\Windows\System32\SHELL32.dll
0x00007ffbc9920000 - 0x00007ffbca0b2000 	C:\Windows\SYSTEM32\windows.storage.dll
0x00007ffbccbb0000 - 0x00007ffbccf05000 	C:\Windows\System32\combase.dll
0x00007ffbcb410000 - 0x00007ffbcb440000 	C:\Windows\SYSTEM32\Wldp.dll
0x00007ffbcdbb0000 - 0x00007ffbcdc5d000 	C:\Windows\System32\SHCORE.dll
0x00007ffbcc580000 - 0x00007ffbcc5d5000 	C:\Windows\System32\shlwapi.dll
0x00007ffbcb9d0000 - 0x00007ffbcb9ef000 	C:\Windows\SYSTEM32\profapi.dll
0x00007ffbc0d60000 - 0x00007ffbc0d79000 	C:\Program Files\Java\jdk-17\bin\net.dll
0x00007ffbb7ca0000 - 0x00007ffbb7daa000 	C:\Windows\SYSTEM32\WINHTTP.dll
0x00007ffbcb170000 - 0x00007ffbcb1da000 	C:\Windows\system32\mswsock.dll
0x00007ffbbd670000 - 0x00007ffbbd686000 	C:\Program Files\Java\jdk-17\bin\nio.dll
0x00007ffbbced0000 - 0x00007ffbbcee8000 	C:\Program Files\Java\jdk-17\bin\zip.dll
0x00007ffbbff10000 - 0x00007ffbbff1a000 	C:\Program Files\Java\jdk-17\bin\management.dll
0x00007ffbbfb40000 - 0x00007ffbbfb4b000 	C:\Program Files\Java\jdk-17\bin\management_ext.dll
0x00007ffbc2310000 - 0x00007ffbc2320000 	C:\Program Files\Java\jdk-17\bin\verify.dll

dbghelp: loaded successfully - version: 4.0.5 - missing functions: none
symbol engine: initialized successfully - sym options: 0x614 - pdb path: .;C:\Program Files\Java\jdk-17\bin;C:\Windows\SYSTEM32;C:\Windows\WinSxS\amd64_microsoft.windows.common-controls_6595b64144ccf1df_6.0.19041.1110_none_60b5254171f9507e;C:\Program Files\Java\jdk-17\bin\server

VM Arguments:
java_command: C:\Users\HP\AppData\Local\Temp\surefire3135951717360716881\surefirebooter6146961001601603355.jar C:\Users\HP\AppData\Local\Temp\surefire3135951717360716881 2023-03-27T18-09-48_952-jvmRun1 surefire11223861427944885026tmp surefire_016713838437265577870tmp
java_class_path (initial): C:\Users\HP\AppData\Local\Temp\surefire3135951717360716881\surefirebooter6146961001601603355.jar
Launcher Type: SUN_STANDARD

[Global flags]
     intx CICompilerCount                          = 3                                         {product} {ergonomic}
     uint ConcGCThreads                            = 1                                         {product} {ergonomic}
     uint G1ConcRefinementThreads                  = 4                                         {product} {ergonomic}
   size_t G1HeapRegionSize                         = 1048576                                   {product} {ergonomic}
    uintx GCDrainStackTargetSize                   = 64                                        {product} {ergonomic}
   size_t InitialHeapSize                          = 134217728                                 {product} {ergonomic}
   size_t MarkStackSize                            = 4194304                                   {product} {ergonomic}
   size_t MaxHeapSize                              = 2118123520                                {product} {ergonomic}
   size_t MaxNewSize                               = 1270874112                                {product} {ergonomic}
   size_t MinHeapDeltaBytes                        = 1048576                                   {product} {ergonomic}
   size_t MinHeapSize                              = 8388608                                   {product} {ergonomic}
    uintx NonNMethodCodeHeapSize                   = 5832780                                {pd product} {ergonomic}
    uintx NonProfiledCodeHeapSize                  = 122912730                              {pd product} {ergonomic}
    uintx ProfiledCodeHeapSize                     = 122912730                              {pd product} {ergonomic}
    uintx ReservedCodeCacheSize                    = 251658240                              {pd product} {ergonomic}
     bool SegmentedCodeCache                       = true                                      {product} {ergonomic}
   size_t SoftMaxHeapSize                          = 2118123520                             {manageable} {ergonomic}
     bool UseCompressedClassPointers               = true                           {product lp64_product} {ergonomic}
     bool UseCompressedOops                        = true                           {product lp64_product} {ergonomic}
     bool UseG1GC                                  = true                                      {product} {ergonomic}
     bool UseLargePagesIndividualAllocation        = false                                  {pd product} {ergonomic}

Logging:
Log output configuration:
 #0: stdout all=warning uptime,level,tags
 #1: stderr all=off uptime,level,tags

Environment Variables:
JAVA_HOME=C:\Program Files\Java\jdk-17
PATH=C:\Program Files\Common Files\Oracle\Java\javapath;C:\Windows\system32;C:\Windows;C:\Windows\System32\Wbem;C:\Windows\System32\WindowsPowerShell\v1.0\;C:\Windows\System32\OpenSSH\;C:\Program Files\nodejs\;D:\apache-maven-3.9.0\bin;C:\Program Files\Git\cmd;C:\Users\HP\AppData\Local\Programs\Python\Python310\Scripts\;C:\Users\HP\AppData\Local\Programs\Python\Python310\;C:\Users\HP\AppData\Local\Microsoft\WindowsApps;C:\Users\HP\AppData\Local\GitHubDesktop\bin;C:\Users\HP\AppData\Roaming\npm;C:\Users\HP\AppData\Local\Programs\Microsoft VS Code\bin
USERNAME=HP
LANG=en_US.UTF-8
OS=Windows_NT
PROCESSOR_IDENTIFIER=Intel64 Family 6 Model 78 Stepping 3, GenuineIntel



---------------  S Y S T E M  ---------------

OS:
 Windows 10 , 64 bit Build 19041 (10.0.19041.2546)
OS uptime: 11 days 10:15 hours

CPU: total 4 (initial active 4) (2 cores per cpu, 2 threads per core) family 6 model 78 stepping 3 microcode 0xcc, cx8, cmov, fxsr, ht, mmx, 3dnowpref, sse, sse2, sse3, ssse3, sse4.1, sse4.2, popcnt, lzcnt, tsc, tscinvbit, avx, avx2, aes, erms, clmul, bmi1, bmi2, rtm, adx, fma, vzeroupper, clflush, clflushopt

Memory: 4k page, system-wide physical 8072M (722M free)
TotalPageFile size 10120M (AvailPageFile size 25M)
current process WorkingSet (physical memory assigned to process): 198M, peak: 209M
current process commit charge ("private bytes"): 233M, peak: 265M

vm_info: Java HotSpot(TM) 64-Bit Server VM (17.0.6+9-LTS-190) for windows-amd64 JRE (17.0.6+9-LTS-190), built on Dec  6 2022 15:53:54 by "mach5one" with MS VC++ 17.1 (VS2022)

END.
