#
# There is insufficient memory for the Java Runtime Environment to continue.
# Native memory allocation (malloc) failed to allocate 3912016 bytes for Chunk::new
# Possible reasons:
#   The system is out of physical RAM or swap space
#   The process is running with CompressedOops enabled, and the Java Heap may be blocking the growth of the native heap
# Possible solutions:
#   Reduce memory load on the system
#   Increase physical memory or swap space
#   Check if swap backing store is full
#   Decrease Java heap size (-Xmx/-Xms)
#   Decrease number of Java threads
#   Decrease Java thread stack sizes (-Xss)
#   Set larger code cache with -XX:ReservedCodeCacheSize=
#   JVM is running with Unscaled Compressed Oops mode in which the Java heap is
#     placed in the first 4GB address space. The Java Heap base address is the
#     maximum limit for the native heap growth. Please use -XX:HeapBaseMinAddress
#     to set the Java Heap base and to place the Java Heap above 4GB virtual address.
# This output file may be truncated or incomplete.
#
#  Out of Memory Error (arena.cpp:189), pid=4852, tid=13084
#
# JRE version: Java(TM) SE Runtime Environment (17.0.6+9) (build 17.0.6+9-LTS-190)
# Java VM: Java HotSpot(TM) 64-Bit Server VM (17.0.6+9-LTS-190, mixed mode, sharing, tiered, compressed oops, compressed class ptrs, g1 gc, windows-amd64)
# No core dump will be written. Minidumps are not enabled by default on client versions of Windows
#

---------------  S U M M A R Y ------------

Command Line: C:\Users\HP\AppData\Local\Temp\surefire8364236974625006648\surefirebooter16750229659620252638.jar C:\Users\HP\AppData\Local\Temp\surefire8364236974625006648 2023-03-27T18-23-19_608-jvmRun1 surefire5496572179129375597tmp surefire_012619978737633341786tmp

Host: Intel(R) Core(TM) i5-6300U CPU @ 2.40GHz, 4 cores, 7G,  Windows 10 , 64 bit Build 19041 (10.0.19041.2546)
Time: Mon Mar 27 18:23:26 2023 India Standard Time elapsed time: 6.530086 seconds (0d 0h 0m 6s)

---------------  T H R E A D  ---------------

Current thread (0x000001556d0fcef0):  JavaThread "C2 CompilerThread0" daemon [_thread_in_native, id=13084, stack(0x000000339a000000,0x000000339a100000)]


Current CompileTask:
C2:   6530 3558       4       org.springframework.beans.factory.support.AbstractBeanFactory::isFactoryBean (62 bytes)

Stack: [0x000000339a000000,0x000000339a100000]
Native frames: (J=compiled Java code, j=interpreted, Vv=VM code, C=native code)
V  [jvm.dll+0x6734ea]
V  [jvm.dll+0x7d18f4]
V  [jvm.dll+0x7d309e]
V  [jvm.dll+0x7d3703]
V  [jvm.dll+0x2433c5]
V  [jvm.dll+0xaa46b]
V  [jvm.dll+0xaaa0c]
V  [jvm.dll+0x35eadf]
V  [jvm.dll+0x329401]
V  [jvm.dll+0x32889a]
V  [jvm.dll+0x215ddf]
V  [jvm.dll+0x215211]
V  [jvm.dll+0x1a1730]
V  [jvm.dll+0x224b6e]
V  [jvm.dll+0x222f15]
V  [jvm.dll+0x78753c]
V  [jvm.dll+0x781a7a]
V  [jvm.dll+0x672375]
C  [ucrtbase.dll+0x21bb2]
C  [KERNEL32.DLL+0x17614]
C  [ntdll.dll+0x526a1]


---------------  P R O C E S S  ---------------

Threads class SMR info:
_java_thread_list=0x000001557246b390, length=16, elements={
0x000001554f8ad5f0, 0x000001556d0e0c00, 0x000001556d0e2a80, 0x000001556d0f9530,
0x000001556d0fae00, 0x000001556d0fb7b0, 0x000001556d0fc160, 0x000001556d0fcef0,
0x000001556d153cd0, 0x000001556d1817b0, 0x000001556dca2580, 0x000001556dcab2d0,
0x000001556dcd9ff0, 0x000001556de2dfd0, 0x000001556df6e060, 0x000001557246e370
}

Java Threads: ( => current thread )
  0x000001554f8ad5f0 JavaThread "main" [_thread_in_native, id=8344, stack(0x0000003399300000,0x0000003399400000)]
  0x000001556d0e0c00 JavaThread "Reference Handler" daemon [_thread_blocked, id=15312, stack(0x0000003399a00000,0x0000003399b00000)]
  0x000001556d0e2a80 JavaThread "Finalizer" daemon [_thread_blocked, id=15980, stack(0x0000003399b00000,0x0000003399c00000)]
  0x000001556d0f9530 JavaThread "Signal Dispatcher" daemon [_thread_blocked, id=10736, stack(0x0000003399c00000,0x0000003399d00000)]
  0x000001556d0fae00 JavaThread "Attach Listener" daemon [_thread_blocked, id=15428, stack(0x0000003399d00000,0x0000003399e00000)]
  0x000001556d0fb7b0 JavaThread "Service Thread" daemon [_thread_blocked, id=12952, stack(0x0000003399e00000,0x0000003399f00000)]
  0x000001556d0fc160 JavaThread "Monitor Deflation Thread" daemon [_thread_blocked, id=10628, stack(0x0000003399f00000,0x000000339a000000)]
=>0x000001556d0fcef0 JavaThread "C2 CompilerThread0" daemon [_thread_in_native, id=13084, stack(0x000000339a000000,0x000000339a100000)]
  0x000001556d153cd0 JavaThread "C1 CompilerThread0" daemon [_thread_blocked, id=14384, stack(0x000000339a100000,0x000000339a200000)]
  0x000001556d1817b0 JavaThread "Sweeper thread" daemon [_thread_blocked, id=3092, stack(0x000000339a200000,0x000000339a300000)]
  0x000001556dca2580 JavaThread "Notification Thread" daemon [_thread_blocked, id=11972, stack(0x000000339a300000,0x000000339a400000)]
  0x000001556dcab2d0 JavaThread "Common-Cleaner" daemon [_thread_blocked, id=15904, stack(0x000000339a500000,0x000000339a600000)]
  0x000001556dcd9ff0 JavaThread "surefire-forkedjvm-command-thread" daemon [_thread_in_native, id=14148, stack(0x000000339a600000,0x000000339a700000)]
  0x000001556de2dfd0 JavaThread "surefire-forkedjvm-ping-30s" daemon [_thread_in_native, id=11976, stack(0x000000339a700000,0x000000339a800000)]
  0x000001556df6e060 JavaThread "C2 CompilerThread1" daemon [_thread_in_native, id=12356, stack(0x000000339a800000,0x000000339a900000)]
  0x000001557246e370 JavaThread "mysql-cj-abandoned-connection-cleanup" daemon [_thread_new, id=16900, stack(0x0000000000000000,0x0000000000000000)]

Other Threads:
  0x000001556d0dc750 VMThread "VM Thread" [stack: 0x0000003399900000,0x0000003399a00000] [id=16108]
  0x000001556dcaae90 WatcherThread [stack: 0x000000339a400000,0x000000339a500000] [id=6608]
  0x000001554f9067b0 GCTaskThread "GC Thread#0" [stack: 0x0000003399400000,0x0000003399500000] [id=2588]
  0x000001556e3a1ab0 GCTaskThread "GC Thread#1" [stack: 0x000000339a900000,0x000000339aa00000] [id=8884]
  0x000001556e3a4e50 GCTaskThread "GC Thread#2" [stack: 0x000000339aa00000,0x000000339ab00000] [id=7272]
  0x000001556e3f1b80 GCTaskThread "GC Thread#3" [stack: 0x000000339ab00000,0x000000339ac00000] [id=4500]
  0x000001554f919390 ConcurrentGCThread "G1 Main Marker" [stack: 0x0000003399500000,0x0000003399600000] [id=13720]
  0x000001554f91a540 ConcurrentGCThread "G1 Conc#0" [stack: 0x0000003399600000,0x0000003399700000] [id=17256]
  0x000001554f980e40 ConcurrentGCThread "G1 Refine#0" [stack: 0x0000003399700000,0x0000003399800000] [id=9492]
  0x000001556e3f5a80 ConcurrentGCThread "G1 Refine#1" [stack: 0x000000339ac00000,0x000000339ad00000] [id=11636]
  0x000001554f981860 ConcurrentGCThread "G1 Service" [stack: 0x0000003399800000,0x0000003399900000] [id=15472]

Threads with active compile tasks:
C2 CompilerThread0     6573 3558       4       org.springframework.beans.factory.support.AbstractBeanFactory::isFactoryBean (62 bytes)
C2 CompilerThread1     6573 3489       4       org.springframework.beans.factory.support.AbstractBeanFactory::isFactoryBean (71 bytes)

VM state: not at safepoint (normal execution)

VM Mutex/Monitor currently owned by a thread: None

Heap address: 0x0000000081c00000, size: 2020 MB, Compressed Oops mode: 32-bit

CDS archive(s) mapped at: [0x0000000800000000-0x0000000800bd0000-0x0000000800bd0000), size 12386304, SharedBaseAddress: 0x0000000800000000, ArchiveRelocationMode: 0.
Compressed class space mapped at: 0x0000000800c00000-0x0000000840c00000, reserved size: 1073741824
Narrow klass base: 0x0000000800000000, Narrow klass shift: 0, Narrow klass range: 0x100000000

GC Precious Log:
 CPUs: 4 total, 4 available
 Memory: 8072M
 Large Page Support: Disabled
 NUMA Support: Disabled
 Compressed Oops: Enabled (32-bit)
 Heap Region Size: 1M
 Heap Min Capacity: 8M
 Heap Initial Capacity: 128M
 Heap Max Capacity: 2020M
 Pre-touch: Disabled
 Parallel Workers: 4
 Concurrent Workers: 1
 Concurrent Refinement Workers: 4
 Periodic GC: Disabled

Heap:
 garbage-first heap   total 97280K, used 24606K [0x0000000081c00000, 0x0000000100000000)
  region size 1024K, 12 young (12288K), 2 survivors (2048K)
 Metaspace       used 29150K, committed 29568K, reserved 1081344K
  class space    used 3895K, committed 4096K, reserved 1048576K

Heap Regions: E=young(eden), S=young(survivor), O=old, HS=humongous(starts), HC=humongous(continues), CS=collection set, F=free, OA=open archive, CA=closed archive, TAMS=top-at-mark-start (previous, next)
|   0|0x0000000081c00000, 0x0000000081d00000, 0x0000000081d00000|100%|HS|  |TAMS 0x0000000081d00000, 0x0000000081c00000| Complete 
|   1|0x0000000081d00000, 0x0000000081e00000, 0x0000000081e00000|100%| O|  |TAMS 0x0000000081e00000, 0x0000000081d00000| Untracked 
|   2|0x0000000081e00000, 0x0000000081f00000, 0x0000000081f00000|100%| O|  |TAMS 0x0000000081f00000, 0x0000000081e00000| Untracked 
|   3|0x0000000081f00000, 0x0000000082000000, 0x0000000082000000|100%| O|  |TAMS 0x0000000082000000, 0x0000000081f00000| Untracked 
|   4|0x0000000082000000, 0x0000000082100000, 0x0000000082100000|100%| O|  |TAMS 0x0000000082100000, 0x0000000082000000| Untracked 
|   5|0x0000000082100000, 0x0000000082200000, 0x0000000082200000|100%| O|  |TAMS 0x0000000082200000, 0x0000000082100000| Untracked 
|   6|0x0000000082200000, 0x0000000082200000, 0x0000000082300000|  0%| F|  |TAMS 0x0000000082200000, 0x0000000082200000| Untracked 
|   7|0x0000000082300000, 0x0000000082400000, 0x0000000082400000|100%| O|  |TAMS 0x0000000082300000, 0x0000000082300000| Untracked 
|   8|0x0000000082400000, 0x0000000082500000, 0x0000000082500000|100%| O|  |TAMS 0x0000000082400000, 0x0000000082400000| Untracked 
|   9|0x0000000082500000, 0x0000000082600000, 0x0000000082600000|100%| O|  |TAMS 0x0000000082500000, 0x0000000082500000| Untracked 
|  10|0x0000000082600000, 0x0000000082600000, 0x0000000082700000|  0%| F|  |TAMS 0x0000000082600000, 0x0000000082600000| Untracked 
|  11|0x0000000082700000, 0x0000000082700000, 0x0000000082800000|  0%| F|  |TAMS 0x0000000082700000, 0x0000000082700000| Untracked 
|  12|0x0000000082800000, 0x0000000082800000, 0x0000000082900000|  0%| F|  |TAMS 0x0000000082800000, 0x0000000082800000| Untracked 
|  13|0x0000000082900000, 0x0000000082900000, 0x0000000082a00000|  0%| F|  |TAMS 0x0000000082900000, 0x0000000082900000| Untracked 
|  14|0x0000000082a00000, 0x0000000082a00000, 0x0000000082b00000|  0%| F|  |TAMS 0x0000000082a00000, 0x0000000082a00000| Untracked 
|  15|0x0000000082b00000, 0x0000000082b00000, 0x0000000082c00000|  0%| F|  |TAMS 0x0000000082b00000, 0x0000000082b00000| Untracked 
|  16|0x0000000082c00000, 0x0000000082c00000, 0x0000000082d00000|  0%| F|  |TAMS 0x0000000082c00000, 0x0000000082c00000| Untracked 
|  17|0x0000000082d00000, 0x0000000082e00000, 0x0000000082e00000|100%| O|  |TAMS 0x0000000082d00000, 0x0000000082d00000| Untracked 
|  18|0x0000000082e00000, 0x0000000082f00000, 0x0000000082f00000|100%| O|  |TAMS 0x0000000082e00000, 0x0000000082e00000| Untracked 
|  19|0x0000000082f00000, 0x0000000083000000, 0x0000000083000000|100%| O|  |TAMS 0x0000000082f00000, 0x0000000082f00000| Untracked 
|  20|0x0000000083000000, 0x0000000083100000, 0x0000000083100000|100%| O|  |TAMS 0x0000000083000000, 0x0000000083000000| Untracked 
|  21|0x0000000083100000, 0x000000008314cc00, 0x0000000083200000| 29%| O|  |TAMS 0x0000000083100000, 0x0000000083100000| Untracked 
|  22|0x0000000083200000, 0x0000000083200000, 0x0000000083300000|  0%| F|  |TAMS 0x0000000083200000, 0x0000000083200000| Untracked 
|  23|0x0000000083300000, 0x0000000083300000, 0x0000000083400000|  0%| F|  |TAMS 0x0000000083300000, 0x0000000083300000| Untracked 
|  24|0x0000000083400000, 0x0000000083400000, 0x0000000083500000|  0%| F|  |TAMS 0x0000000083400000, 0x0000000083400000| Untracked 
|  25|0x0000000083500000, 0x0000000083500000, 0x0000000083600000|  0%| F|  |TAMS 0x0000000083500000, 0x0000000083500000| Untracked 
|  26|0x0000000083600000, 0x0000000083600000, 0x0000000083700000|  0%| F|  |TAMS 0x0000000083600000, 0x0000000083600000| Untracked 
|  27|0x0000000083700000, 0x00000000837bae00, 0x0000000083800000| 72%| S|CS|TAMS 0x0000000083700000, 0x0000000083700000| Complete 
|  28|0x0000000083800000, 0x0000000083900000, 0x0000000083900000|100%| S|CS|TAMS 0x0000000083800000, 0x0000000083800000| Complete 
|  29|0x0000000083900000, 0x0000000083900000, 0x0000000083a00000|  0%| F|  |TAMS 0x0000000083900000, 0x0000000083900000| Untracked 
|  30|0x0000000083a00000, 0x0000000083a00000, 0x0000000083b00000|  0%| F|  |TAMS 0x0000000083a00000, 0x0000000083a00000| Untracked 
|  31|0x0000000083b00000, 0x0000000083b00000, 0x0000000083c00000|  0%| F|  |TAMS 0x0000000083b00000, 0x0000000083b00000| Untracked 
|  32|0x0000000083c00000, 0x0000000083c00000, 0x0000000083d00000|  0%| F|  |TAMS 0x0000000083c00000, 0x0000000083c00000| Untracked 
|  33|0x0000000083d00000, 0x0000000083d00000, 0x0000000083e00000|  0%| F|  |TAMS 0x0000000083d00000, 0x0000000083d00000| Untracked 
|  34|0x0000000083e00000, 0x0000000083e00000, 0x0000000083f00000|  0%| F|  |TAMS 0x0000000083e00000, 0x0000000083e00000| Untracked 
|  35|0x0000000083f00000, 0x0000000083f00000, 0x0000000084000000|  0%| F|  |TAMS 0x0000000083f00000, 0x0000000083f00000| Untracked 
|  36|0x0000000084000000, 0x0000000084000000, 0x0000000084100000|  0%| F|  |TAMS 0x0000000084000000, 0x0000000084000000| Untracked 
|  37|0x0000000084100000, 0x0000000084100000, 0x0000000084200000|  0%| F|  |TAMS 0x0000000084100000, 0x0000000084100000| Untracked 
|  38|0x0000000084200000, 0x0000000084200000, 0x0000000084300000|  0%| F|  |TAMS 0x0000000084200000, 0x0000000084200000| Untracked 
|  39|0x0000000084300000, 0x0000000084300000, 0x0000000084400000|  0%| F|  |TAMS 0x0000000084300000, 0x0000000084300000| Untracked 
|  40|0x0000000084400000, 0x0000000084400000, 0x0000000084500000|  0%| F|  |TAMS 0x0000000084400000, 0x0000000084400000| Untracked 
|  41|0x0000000084500000, 0x0000000084500000, 0x0000000084600000|  0%| F|  |TAMS 0x0000000084500000, 0x0000000084500000| Untracked 
|  42|0x0000000084600000, 0x0000000084600000, 0x0000000084700000|  0%| F|  |TAMS 0x0000000084600000, 0x0000000084600000| Untracked 
|  43|0x0000000084700000, 0x0000000084700000, 0x0000000084800000|  0%| F|  |TAMS 0x0000000084700000, 0x0000000084700000| Untracked 
|  44|0x0000000084800000, 0x0000000084800000, 0x0000000084900000|  0%| F|  |TAMS 0x0000000084800000, 0x0000000084800000| Untracked 
|  45|0x0000000084900000, 0x0000000084900000, 0x0000000084a00000|  0%| F|  |TAMS 0x0000000084900000, 0x0000000084900000| Untracked 
|  46|0x0000000084a00000, 0x0000000084a00000, 0x0000000084b00000|  0%| F|  |TAMS 0x0000000084a00000, 0x0000000084a00000| Untracked 
|  47|0x0000000084b00000, 0x0000000084b00000, 0x0000000084c00000|  0%| F|  |TAMS 0x0000000084b00000, 0x0000000084b00000| Untracked 
|  48|0x0000000084c00000, 0x0000000084c00000, 0x0000000084d00000|  0%| F|  |TAMS 0x0000000084c00000, 0x0000000084c00000| Untracked 
|  49|0x0000000084d00000, 0x0000000084d00000, 0x0000000084e00000|  0%| F|  |TAMS 0x0000000084d00000, 0x0000000084d00000| Untracked 
|  50|0x0000000084e00000, 0x0000000084e00000, 0x0000000084f00000|  0%| F|  |TAMS 0x0000000084e00000, 0x0000000084e00000| Untracked 
|  51|0x0000000084f00000, 0x0000000084f00000, 0x0000000085000000|  0%| F|  |TAMS 0x0000000084f00000, 0x0000000084f00000| Untracked 
|  52|0x0000000085000000, 0x0000000085000000, 0x0000000085100000|  0%| F|  |TAMS 0x0000000085000000, 0x0000000085000000| Untracked 
|  53|0x0000000085100000, 0x0000000085100000, 0x0000000085200000|  0%| F|  |TAMS 0x0000000085100000, 0x0000000085100000| Untracked 
|  54|0x0000000085200000, 0x0000000085200000, 0x0000000085300000|  0%| F|  |TAMS 0x0000000085200000, 0x0000000085200000| Untracked 
|  55|0x0000000085300000, 0x0000000085300000, 0x0000000085400000|  0%| F|  |TAMS 0x0000000085300000, 0x0000000085300000| Untracked 
|  56|0x0000000085400000, 0x0000000085400000, 0x0000000085500000|  0%| F|  |TAMS 0x0000000085400000, 0x0000000085400000| Untracked 
|  57|0x0000000085500000, 0x0000000085500000, 0x0000000085600000|  0%| F|  |TAMS 0x0000000085500000, 0x0000000085500000| Untracked 
|  58|0x0000000085600000, 0x0000000085600000, 0x0000000085700000|  0%| F|  |TAMS 0x0000000085600000, 0x0000000085600000| Untracked 
|  59|0x0000000085700000, 0x0000000085700000, 0x0000000085800000|  0%| F|  |TAMS 0x0000000085700000, 0x0000000085700000| Untracked 
|  60|0x0000000085800000, 0x0000000085800000, 0x0000000085900000|  0%| F|  |TAMS 0x0000000085800000, 0x0000000085800000| Untracked 
|  61|0x0000000085900000, 0x0000000085900000, 0x0000000085a00000|  0%| F|  |TAMS 0x0000000085900000, 0x0000000085900000| Untracked 
|  62|0x0000000085a00000, 0x0000000085a00000, 0x0000000085b00000|  0%| F|  |TAMS 0x0000000085a00000, 0x0000000085a00000| Untracked 
|  63|0x0000000085b00000, 0x0000000085b00000, 0x0000000085c00000|  0%| F|  |TAMS 0x0000000085b00000, 0x0000000085b00000| Untracked 
|  64|0x0000000085c00000, 0x0000000085c00000, 0x0000000085d00000|  0%| F|  |TAMS 0x0000000085c00000, 0x0000000085c00000| Untracked 
|  65|0x0000000085d00000, 0x0000000085d00000, 0x0000000085e00000|  0%| F|  |TAMS 0x0000000085d00000, 0x0000000085d00000| Untracked 
|  66|0x0000000085e00000, 0x0000000085e00000, 0x0000000085f00000|  0%| F|  |TAMS 0x0000000085e00000, 0x0000000085e00000| Untracked 
|  67|0x0000000085f00000, 0x0000000085f00000, 0x0000000086000000|  0%| F|  |TAMS 0x0000000085f00000, 0x0000000085f00000| Untracked 
|  68|0x0000000086000000, 0x0000000086000000, 0x0000000086100000|  0%| F|  |TAMS 0x0000000086000000, 0x0000000086000000| Untracked 
|  69|0x0000000086100000, 0x0000000086100000, 0x0000000086200000|  0%| F|  |TAMS 0x0000000086100000, 0x0000000086100000| Untracked 
|  70|0x0000000086200000, 0x0000000086200000, 0x0000000086300000|  0%| F|  |TAMS 0x0000000086200000, 0x0000000086200000| Untracked 
|  71|0x0000000086300000, 0x0000000086300000, 0x0000000086400000|  0%| F|  |TAMS 0x0000000086300000, 0x0000000086300000| Untracked 
|  72|0x0000000086400000, 0x0000000086400000, 0x0000000086500000|  0%| F|  |TAMS 0x0000000086400000, 0x0000000086400000| Untracked 
|  73|0x0000000086500000, 0x0000000086500000, 0x0000000086600000|  0%| F|  |TAMS 0x0000000086500000, 0x0000000086500000| Untracked 
|  74|0x0000000086600000, 0x0000000086600000, 0x0000000086700000|  0%| F|  |TAMS 0x0000000086600000, 0x0000000086600000| Untracked 
|  75|0x0000000086700000, 0x0000000086700000, 0x0000000086800000|  0%| F|  |TAMS 0x0000000086700000, 0x0000000086700000| Untracked 
|  76|0x0000000086800000, 0x0000000086800000, 0x0000000086900000|  0%| F|  |TAMS 0x0000000086800000, 0x0000000086800000| Untracked 
|  77|0x0000000086900000, 0x0000000086900000, 0x0000000086a00000|  0%| F|  |TAMS 0x0000000086900000, 0x0000000086900000| Untracked 
|  78|0x0000000086a00000, 0x0000000086a00000, 0x0000000086b00000|  0%| F|  |TAMS 0x0000000086a00000, 0x0000000086a00000| Untracked 
|  79|0x0000000086b00000, 0x0000000086b00000, 0x0000000086c00000|  0%| F|  |TAMS 0x0000000086b00000, 0x0000000086b00000| Untracked 
|  80|0x0000000086c00000, 0x0000000086c00000, 0x0000000086d00000|  0%| F|  |TAMS 0x0000000086c00000, 0x0000000086c00000| Untracked 
|  81|0x0000000086d00000, 0x0000000086d00000, 0x0000000086e00000|  0%| F|  |TAMS 0x0000000086d00000, 0x0000000086d00000| Untracked 
|  82|0x0000000086e00000, 0x0000000086e00000, 0x0000000086f00000|  0%| F|  |TAMS 0x0000000086e00000, 0x0000000086e00000| Untracked 
|  83|0x0000000086f00000, 0x0000000086f00000, 0x0000000087000000|  0%| F|  |TAMS 0x0000000086f00000, 0x0000000086f00000| Untracked 
|  84|0x0000000087000000, 0x0000000087000000, 0x0000000087100000|  0%| F|  |TAMS 0x0000000087000000, 0x0000000087000000| Untracked 
|  85|0x0000000087100000, 0x0000000087180800, 0x0000000087200000| 50%| E|  |TAMS 0x0000000087100000, 0x0000000087100000| Complete 
|  86|0x0000000087200000, 0x0000000087300000, 0x0000000087300000|100%| E|CS|TAMS 0x0000000087200000, 0x0000000087200000| Complete 
|  87|0x0000000087300000, 0x0000000087400000, 0x0000000087400000|100%| E|CS|TAMS 0x0000000087300000, 0x0000000087300000| Complete 
|  88|0x0000000087400000, 0x0000000087500000, 0x0000000087500000|100%| E|CS|TAMS 0x0000000087400000, 0x0000000087400000| Complete 
|  89|0x0000000087500000, 0x0000000087600000, 0x0000000087600000|100%| E|CS|TAMS 0x0000000087500000, 0x0000000087500000| Complete 
|  90|0x0000000087600000, 0x0000000087700000, 0x0000000087700000|100%| E|CS|TAMS 0x0000000087600000, 0x0000000087600000| Complete 
|  91|0x0000000087700000, 0x0000000087800000, 0x0000000087800000|100%| E|CS|TAMS 0x0000000087700000, 0x0000000087700000| Complete 
|  92|0x0000000087800000, 0x0000000087900000, 0x0000000087900000|100%| E|CS|TAMS 0x0000000087800000, 0x0000000087800000| Complete 
| 126|0x0000000089a00000, 0x0000000089b00000, 0x0000000089b00000|100%| E|CS|TAMS 0x0000000089a00000, 0x0000000089a00000| Complete 
| 127|0x0000000089b00000, 0x0000000089c00000, 0x0000000089c00000|100%| E|CS|TAMS 0x0000000089b00000, 0x0000000089b00000| Complete 

Card table byte_map: [0x0000015566540000,0x0000015566940000] _byte_map_base: 0x0000015566132000

Marking Bits (Prev, Next): (CMBitMap*) 0x000001554f907e10, (CMBitMap*) 0x000001554f907dd0
 Prev Bits: [0x0000015568cd0000, 0x000001556ac60000)
 Next Bits: [0x0000015566d40000, 0x0000015568cd0000)

Polling page: 0x000001554d790000

Metaspace:

Usage:
  Non-class:     24.68 MB used.
      Class:      3.81 MB used.
       Both:     28.49 MB used.

Virtual space:
  Non-class space:       32.00 MB reserved,      24.88 MB ( 78%) committed,  4 nodes.
      Class space:        1.00 GB reserved,       4.00 MB ( <1%) committed,  1 nodes.
             Both:        1.03 GB reserved,      28.88 MB (  3%) committed. 

Chunk freelists:
   Non-Class:  2.33 MB
       Class:  3.84 MB
        Both:  6.17 MB

MaxMetaspaceSize: unlimited
CompressedClassSpaceSize: 1.00 GB
Initial GC threshold: 21.00 MB
Current GC threshold: 35.31 MB
CDS: on
MetaspaceReclaimPolicy: balanced
 - commit_granule_bytes: 65536.
 - commit_granule_words: 8192.
 - virtual_space_node_default_size: 1048576.
 - enlarge_chunks_in_place: 1.
 - new_chunks_are_fully_committed: 0.
 - uncommit_free_chunks: 1.
 - use_allocation_guard: 0.
 - handle_deallocations: 1.


Internal statistics:

num_allocs_failed_limit: 5.
num_arena_births: 416.
num_arena_deaths: 0.
num_vsnodes_births: 5.
num_vsnodes_deaths: 0.
num_space_committed: 462.
num_space_uncommitted: 0.
num_chunks_returned_to_freelist: 5.
num_chunks_taken_from_freelist: 1497.
num_chunk_merges: 5.
num_chunk_splits: 1038.
num_chunks_enlarged: 772.
num_purges: 0.
num_inconsistent_stats: 0.

CodeHeap 'non-profiled nmethods': size=120000Kb used=1792Kb max_used=1792Kb free=118207Kb
 bounds [0x000001555ec10000, 0x000001555ee80000, 0x0000015566140000]
CodeHeap 'profiled nmethods': size=120000Kb used=7995Kb max_used=7995Kb free=112004Kb
 bounds [0x0000015557140000, 0x0000015557910000, 0x000001555e670000]
CodeHeap 'non-nmethods': size=5760Kb used=1213Kb max_used=1294Kb free=4546Kb
 bounds [0x000001555e670000, 0x000001555e8e0000, 0x000001555ec10000]
 total_blobs=4125 nmethods=3615 adapters=421
 compilation: enabled
              stopped_count=0, restarted_count=0
 full_count=0

Compilation events (20 events):
Event: 6.497 Thread 0x000001556d153cd0 3616       3       java.util.ArrayDeque::push (6 bytes)
Event: 6.497 Thread 0x000001556d153cd0 nmethod 3616 0x0000015557908010 code [0x00000155579081a0, 0x0000015557908368]
Event: 6.498 Thread 0x000001556d153cd0 3617       3       java.lang.ProcessEnvironment$CheckedKeySet::isEmpty (10 bytes)
Event: 6.498 Thread 0x000001556d153cd0 nmethod 3617 0x0000015557908410 code [0x00000155579085c0, 0x0000015557908788]
Event: 6.498 Thread 0x000001556d153cd0 3618       3       java.lang.ProcessEnvironment$CheckedKeySet::size (10 bytes)
Event: 6.498 Thread 0x000001556d153cd0 nmethod 3618 0x0000015557908890 code [0x0000015557908a40, 0x0000015557908c08]
Event: 6.499 Thread 0x000001556d153cd0 3619       3       java.lang.ProcessEnvironment$CheckedKeySet::iterator (10 bytes)
Event: 6.499 Thread 0x000001556d153cd0 nmethod 3619 0x0000015557908d10 code [0x0000015557908ec0, 0x0000015557909088]
Event: 6.499 Thread 0x000001556d153cd0 3620       3       java.util.Collections$SynchronizedCollection::<init> (24 bytes)
Event: 6.499 Thread 0x000001556d153cd0 nmethod 3620 0x0000015557909190 code [0x0000015557909380, 0x0000015557909978]
Event: 6.499 Thread 0x000001556d153cd0 3621       3       java.util.Collections::synchronizedSet (10 bytes)
Event: 6.500 Thread 0x000001556d153cd0 nmethod 3621 0x0000015557909b10 code [0x0000015557909d00, 0x000001555790a418]
Event: 6.500 Thread 0x000001556d153cd0 3622       3       java.util.Collections$SynchronizedSet::<init> (7 bytes)
Event: 6.500 Thread 0x000001556d153cd0 nmethod 3622 0x000001555790a690 code [0x000001555790a880, 0x000001555790aed8]
Event: 6.517 Thread 0x000001556d153cd0 3623       3       java.lang.Class::getAnnotations (11 bytes)
Event: 6.517 Thread 0x000001556d153cd0 nmethod 3623 0x000001555790b110 code [0x000001555790b2e0, 0x000001555790b728]
Event: 6.518 Thread 0x000001556d153cd0 3624   !   3       org.springframework.core.annotation.AnnotationsScanner::processClassInheritedAnnotations (250 bytes)
Event: 6.520 Thread 0x000001556d153cd0 nmethod 3624 0x000001555790b890 code [0x000001555790bbe0, 0x000001555790d378]
Event: 6.522 Thread 0x000001556d153cd0 3625       3       jdk.internal.org.objectweb.asm.MethodWriter::visitInsn (115 bytes)
Event: 6.523 Thread 0x000001556d153cd0 nmethod 3625 0x000001555790de10 code [0x000001555790dfe0, 0x000001555790e3e8]

GC Heap History (14 events):
Event: 0.597 GC heap before
{Heap before GC invocations=0 (full 0):
 garbage-first heap   total 131072K, used 13312K [0x0000000081c00000, 0x0000000100000000)
  region size 1024K, 13 young (13312K), 0 survivors (0K)
 Metaspace       used 2856K, committed 3072K, reserved 1056768K
  class space    used 291K, committed 384K, reserved 1048576K
}
Event: 0.605 GC heap after
{Heap after GC invocations=1 (full 0):
 garbage-first heap   total 131072K, used 6907K [0x0000000081c00000, 0x0000000100000000)
  region size 1024K, 2 young (2048K), 2 survivors (2048K)
 Metaspace       used 2856K, committed 3072K, reserved 1056768K
  class space    used 291K, committed 384K, reserved 1048576K
}
Event: 0.949 GC heap before
{Heap before GC invocations=1 (full 0):
 garbage-first heap   total 131072K, used 15099K [0x0000000081c00000, 0x0000000100000000)
  region size 1024K, 10 young (10240K), 2 survivors (2048K)
 Metaspace       used 4985K, committed 5184K, reserved 1056768K
  class space    used 609K, committed 704K, reserved 1048576K
}
Event: 0.953 GC heap after
{Heap after GC invocations=2 (full 0):
 garbage-first heap   total 131072K, used 7714K [0x0000000081c00000, 0x0000000100000000)
  region size 1024K, 1 young (1024K), 1 survivors (1024K)
 Metaspace       used 4985K, committed 5184K, reserved 1056768K
  class space    used 609K, committed 704K, reserved 1048576K
}
Event: 1.909 GC heap before
{Heap before GC invocations=2 (full 0):
 garbage-first heap   total 131072K, used 30242K [0x0000000081c00000, 0x0000000100000000)
  region size 1024K, 24 young (24576K), 1 survivors (1024K)
 Metaspace       used 11081K, committed 11328K, reserved 1064960K
  class space    used 1413K, committed 1536K, reserved 1048576K
}
Event: 1.914 GC heap after
{Heap after GC invocations=3 (full 0):
 garbage-first heap   total 131072K, used 9442K [0x0000000081c00000, 0x0000000100000000)
  region size 1024K, 3 young (3072K), 3 survivors (3072K)
 Metaspace       used 11081K, committed 11328K, reserved 1064960K
  class space    used 1413K, committed 1536K, reserved 1048576K
}
Event: 3.295 GC heap before
{Heap before GC invocations=3 (full 0):
 garbage-first heap   total 131072K, used 57570K [0x0000000081c00000, 0x0000000100000000)
  region size 1024K, 52 young (53248K), 3 survivors (3072K)
 Metaspace       used 21287K, committed 21504K, reserved 1073152K
  class space    used 2776K, committed 2880K, reserved 1048576K
}
Event: 3.303 GC heap after
{Heap after GC invocations=4 (full 0):
 garbage-first heap   total 131072K, used 12694K [0x0000000081c00000, 0x0000000100000000)
  region size 1024K, 6 young (6144K), 6 survivors (6144K)
 Metaspace       used 21287K, committed 21504K, reserved 1073152K
  class space    used 2776K, committed 2880K, reserved 1048576K
}
Event: 4.231 GC heap before
{Heap before GC invocations=5 (full 0):
 garbage-first heap   total 51200K, used 39318K [0x0000000081c00000, 0x0000000100000000)
  region size 1024K, 33 young (33792K), 6 survivors (6144K)
 Metaspace       used 24584K, committed 24832K, reserved 1073152K
  class space    used 3237K, committed 3328K, reserved 1048576K
}
Event: 4.242 GC heap after
{Heap after GC invocations=6 (full 0):
 garbage-first heap   total 51200K, used 13987K [0x0000000081c00000, 0x0000000100000000)
  region size 1024K, 7 young (7168K), 7 survivors (7168K)
 Metaspace       used 24584K, committed 24832K, reserved 1073152K
  class space    used 3237K, committed 3328K, reserved 1048576K
}
Event: 4.276 GC heap before
{Heap before GC invocations=6 (full 0):
 garbage-first heap   total 51200K, used 13987K [0x0000000081c00000, 0x0000000100000000)
  region size 1024K, 8 young (8192K), 7 survivors (7168K)
 Metaspace       used 24707K, committed 24896K, reserved 1073152K
  class space    used 3260K, committed 3328K, reserved 1048576K
}
Event: 4.289 GC heap after
{Heap after GC invocations=7 (full 0):
 garbage-first heap   total 51200K, used 14643K [0x0000000081c00000, 0x0000000100000000)
  region size 1024K, 1 young (1024K), 1 survivors (1024K)
 Metaspace       used 24707K, committed 24896K, reserved 1073152K
  class space    used 3260K, committed 3328K, reserved 1048576K
}
Event: 5.115 GC heap before
{Heap before GC invocations=7 (full 0):
 garbage-first heap   total 51200K, used 35123K [0x0000000081c00000, 0x0000000100000000)
  region size 1024K, 21 young (21504K), 1 survivors (1024K)
 Metaspace       used 27786K, committed 28096K, reserved 1073152K
  class space    used 3688K, committed 3840K, reserved 1048576K
}
Event: 5.121 GC heap after
{Heap after GC invocations=8 (full 0):
 garbage-first heap   total 97280K, used 15390K [0x0000000081c00000, 0x0000000100000000)
  region size 1024K, 2 young (2048K), 2 survivors (2048K)
 Metaspace       used 27786K, committed 28096K, reserved 1073152K
  class space    used 3688K, committed 3840K, reserved 1048576K
}

Deoptimization events (20 events):
Event: 6.035 Thread 0x000001554f8ad5f0 Uncommon trap: trap_request=0xffffff45 fr.pc=0x000001555edc1c9c relative=0x00000000000015fc
Event: 6.035 Thread 0x000001554f8ad5f0 Uncommon trap: reason=unstable_if action=reinterpret pc=0x000001555edc1c9c method=org.springframework.beans.factory.support.AbstractAutowireCapableBeanFactory.predictBeanType(Ljava/lang/String;Lorg/springframework/beans/factory/support/RootBeanDefinition;
Event: 6.035 Thread 0x000001554f8ad5f0 DEOPT PACKING pc=0x000001555edc1c9c sp=0x00000033993fb510
Event: 6.035 Thread 0x000001554f8ad5f0 DEOPT UNPACKING pc=0x000001555e6c23a3 sp=0x00000033993fb4a8 mode 2
Event: 6.239 Thread 0x000001554f8ad5f0 Uncommon trap: trap_request=0xffffffde fr.pc=0x000001555ed3cb7c relative=0x000000000000143c
Event: 6.239 Thread 0x000001554f8ad5f0 Uncommon trap: reason=class_check action=maybe_recompile pc=0x000001555ed3cb7c method=java.util.concurrent.ConcurrentHashMap.putVal(Ljava/lang/Object;Ljava/lang/Object;Z)Ljava/lang/Object; @ 242 c2
Event: 6.239 Thread 0x000001554f8ad5f0 DEOPT PACKING pc=0x000001555ed3cb7c sp=0x00000033993fc020
Event: 6.239 Thread 0x000001554f8ad5f0 DEOPT UNPACKING pc=0x000001555e6c23a3 sp=0x00000033993fbf90 mode 2
Event: 6.287 Thread 0x000001554f8ad5f0 Uncommon trap: trap_request=0xffffffde fr.pc=0x000001555ed3cb7c relative=0x000000000000143c
Event: 6.287 Thread 0x000001554f8ad5f0 Uncommon trap: reason=class_check action=maybe_recompile pc=0x000001555ed3cb7c method=java.util.concurrent.ConcurrentHashMap.putVal(Ljava/lang/Object;Ljava/lang/Object;Z)Ljava/lang/Object; @ 242 c2
Event: 6.287 Thread 0x000001554f8ad5f0 DEOPT PACKING pc=0x000001555ed3cb7c sp=0x00000033993f9c50
Event: 6.287 Thread 0x000001554f8ad5f0 DEOPT UNPACKING pc=0x000001555e6c23a3 sp=0x00000033993f9bc0 mode 2
Event: 6.397 Thread 0x000001554f8ad5f0 Uncommon trap: trap_request=0xffffff45 fr.pc=0x000001555ed9d67c relative=0x000000000000091c
Event: 6.397 Thread 0x000001554f8ad5f0 Uncommon trap: reason=unstable_if action=reinterpret pc=0x000001555ed9d67c method=jdk.internal.org.objectweb.asm.MethodWriter.visitInsn(I)V @ 24 c2
Event: 6.397 Thread 0x000001554f8ad5f0 DEOPT PACKING pc=0x000001555ed9d67c sp=0x00000033993f41a0
Event: 6.397 Thread 0x000001554f8ad5f0 DEOPT UNPACKING pc=0x000001555e6c23a3 sp=0x00000033993f4188 mode 2
Event: 6.399 Thread 0x000001554f8ad5f0 Uncommon trap: trap_request=0xffffff45 fr.pc=0x000001555edbb1d4 relative=0x00000000000082b4
Event: 6.399 Thread 0x000001554f8ad5f0 Uncommon trap: reason=unstable_if action=reinterpret pc=0x000001555edbb1d4 method=jdk.internal.org.objectweb.asm.Frame.execute(IILjdk/internal/org/objectweb/asm/Symbol;Ljdk/internal/org/objectweb/asm/SymbolTable;)V @ 1 c2
Event: 6.399 Thread 0x000001554f8ad5f0 DEOPT PACKING pc=0x000001555edbb1d4 sp=0x00000033993f8790
Event: 6.399 Thread 0x000001554f8ad5f0 DEOPT UNPACKING pc=0x000001555e6c23a3 sp=0x00000033993f8770 mode 2

Classes unloaded (0 events):
No events

Classes redefined (0 events):
No events

Internal exceptions (20 events):
Event: 4.920 Thread 0x000001554f8ad5f0 Exception <a 'java/lang/NoSuchMethodError'{0x0000000083c95580}: 'java.lang.Object java.lang.invoke.DirectMethodHandle$Holder.invokeSpecial(java.lang.Object, java.lang.Object, java.lang.Object, java.lang.Object, java.lang.Object, java.lang.Object, java.lang.Object, java.lang.Object, java.lang.Object, java.lang.Object, java.lang.Object, java.lang.Object, java.lang.Object, java.lang.Object, java.lang.Object)'> (0x0000000083c95580) 
thrown [s\open\src\hotspot\share\interpreter\linkResolver.cpp, line 759]
Event: 4.926 Thread 0x000001554f8ad5f0 Exception <a 'java/lang/NoSuchMethodError'{0x0000000083ca9750}: 'int java.lang.invoke.DirectMethodHandle$Holder.invokeStaticInit(java.lang.Object, int, int)'> (0x0000000083ca9750) 
thrown [s\open\src\hotspot\share\interpreter\linkResolver.cpp, line 759]
Event: 4.927 Thread 0x000001554f8ad5f0 Exception <a 'java/lang/NoSuchMethodError'{0x0000000083cb1588}: 'int java.lang.invoke.DirectMethodHandle$Holder.invokeStaticInit(java.lang.Object, long, long)'> (0x0000000083cb1588) 
thrown [s\open\src\hotspot\share\interpreter\linkResolver.cpp, line 759]
Event: 4.927 Thread 0x000001554f8ad5f0 Exception <a 'java/lang/NoSuchMethodError'{0x0000000083cb8b68}: 'int java.lang.invoke.DirectMethodHandle$Holder.invokeStaticInit(java.lang.Object, float, float)'> (0x0000000083cb8b68) 
thrown [s\open\src\hotspot\share\interpreter\linkResolver.cpp, line 759]
Event: 4.928 Thread 0x000001554f8ad5f0 Exception <a 'java/lang/NoSuchMethodError'{0x0000000083cbff10}: 'int java.lang.invoke.DirectMethodHandle$Holder.invokeStaticInit(java.lang.Object, double, double)'> (0x0000000083cbff10) 
thrown [s\open\src\hotspot\share\interpreter\linkResolver.cpp, line 759]
Event: 4.929 Thread 0x000001554f8ad5f0 Exception <a 'java/lang/NoSuchMethodError'{0x0000000083cc4a30}: 'int java.lang.invoke.DirectMethodHandle$Holder.invokeStatic(java.lang.Object, long)'> (0x0000000083cc4a30) 
thrown [s\open\src\hotspot\share\interpreter\linkResolver.cpp, line 759]
Event: 4.934 Thread 0x000001554f8ad5f0 Exception <a 'java/lang/NoSuchMethodError'{0x0000000083ce99a0}: 'int java.lang.invoke.DirectMethodHandle$Holder.invokeSpecial(java.lang.Object, java.lang.Object, int)'> (0x0000000083ce99a0) 
thrown [s\open\src\hotspot\share\interpreter\linkResolver.cpp, line 759]
Event: 4.935 Thread 0x000001554f8ad5f0 Exception <a 'java/lang/NoSuchMethodError'{0x0000000083cf1850}: 'int java.lang.invoke.Invokers$Holder.linkToTargetMethod(java.lang.Object, java.lang.Object)'> (0x0000000083cf1850) 
thrown [s\open\src\hotspot\share\interpreter\linkResolver.cpp, line 759]
Event: 4.971 Thread 0x000001554f8ad5f0 Exception <a 'java/lang/NoSuchMethodError'{0x0000000083b85d58}: 'java.lang.Object java.lang.invoke.DirectMethodHandle$Holder.invokeSpecial(java.lang.Object, java.lang.Object, java.lang.Object, java.lang.Object, java.lang.Object, java.lang.Object, java.lang.Object, java.lang.Object, java.lang.Object, java.lang.Object)'> (0x0000000083b85d58) 
thrown [s\open\src\hotspot\share\interpreter\linkResolver.cpp, line 759]
Event: 4.971 Thread 0x000001554f8ad5f0 Exception <a 'java/lang/NoSuchMethodError'{0x0000000083b8ab38}: 'java.lang.Object java.lang.invoke.Invokers$Holder.invoke_MT(java.lang.Object, java.lang.Object, java.lang.Object, java.lang.Object, java.lang.Object, java.lang.Object, java.lang.Object, java.lang.Object, java.lang.Object, java.lang.Object)'> (0x0000000083b8ab38) 
thrown [s\open\src\hotspot\share\interpreter\linkResolver.cpp, line 759]
Event: 4.983 Thread 0x000001554f8ad5f0 Exception <a 'java/lang/NoSuchMethodError'{0x0000000083bcb308}: 'java.lang.Object java.lang.invoke.DirectMethodHandle$Holder.invokeSpecial(java.lang.Object, java.lang.Object, int, java.lang.Object, java.lang.Object)'> (0x0000000083bcb308) 
thrown [s\open\src\hotspot\share\interpreter\linkResolver.cpp, line 759]
Event: 4.983 Thread 0x000001554f8ad5f0 Exception <a 'java/lang/NoSuchMethodError'{0x0000000083bcf500}: 'java.lang.Object java.lang.invoke.DelegatingMethodHandle$Holder.delegate(java.lang.Object, int, java.lang.Object, java.lang.Object)'> (0x0000000083bcf500) 
thrown [s\open\src\hotspot\share\interpreter\linkResolver.cpp, line 759]
Event: 5.000 Thread 0x000001554f8ad5f0 Exception <a 'java/lang/NoSuchMethodError'{0x0000000083be08d8}: 'int java.lang.invoke.Invokers$Holder.linkToTargetMethod(java.lang.Object, java.lang.Object, java.lang.Object)'> (0x0000000083be08d8) 
thrown [s\open\src\hotspot\share\interpreter\linkResolver.cpp, line 759]
Event: 5.080 Thread 0x000001554f8ad5f0 Exception <a 'java/lang/NoClassDefFoundError'{0x0000000083925150}: org/flywaydb/core/Flyway> (0x0000000083925150) 
thrown [s\open\src\hotspot\share\classfile\systemDictionary.cpp, line 245]
Event: 5.080 Thread 0x000001554f8ad5f0 Exception <a 'java/lang/NoClassDefFoundError'{0x0000000083927768}: liquibase/integration/spring/SpringLiquibase> (0x0000000083927768) 
thrown [s\open\src\hotspot\share\classfile\systemDictionary.cpp, line 245]
Event: 5.211 Thread 0x000001554f8ad5f0 Exception <a 'java/lang/NoClassDefFoundError'{0x0000000089ae1280}: org/jooq/DSLContext> (0x0000000089ae1280) 
thrown [s\open\src\hotspot\share\classfile\systemDictionary.cpp, line 245]
Event: 5.213 Thread 0x000001554f8ad5f0 Exception <a 'java/lang/NoClassDefFoundError'{0x0000000089af53b8}: org/springframework/batch/core/repository/JobRepository> (0x0000000089af53b8) 
thrown [s\open\src\hotspot\share\classfile\systemDictionary.cpp, line 245]
Event: 5.213 Thread 0x000001554f8ad5f0 Exception <a 'java/lang/NoClassDefFoundError'{0x0000000089af76a0}: org/quartz/Scheduler> (0x0000000089af76a0) 
thrown [s\open\src\hotspot\share\classfile\systemDictionary.cpp, line 245]
Event: 5.213 Thread 0x000001554f8ad5f0 Exception <a 'java/lang/NoClassDefFoundError'{0x0000000089af9e98}: org/springframework/session/jdbc/JdbcIndexedSessionRepository> (0x0000000089af9e98) 
thrown [s\open\src\hotspot\share\classfile\systemDictionary.cpp, line 245]
Event: 6.397 Thread 0x000001554f8ad5f0 Implicit null exception at 0x000001555ed9cded to 0x000001555ed9d668

VM Operations (20 events):
Event: 4.420 Executing VM operation: HandshakeAllThreads
Event: 4.420 Executing VM operation: HandshakeAllThreads done
Event: 4.421 Executing VM operation: HandshakeAllThreads
Event: 4.421 Executing VM operation: HandshakeAllThreads done
Event: 4.663 Executing VM operation: HandshakeAllThreads
Event: 4.663 Executing VM operation: HandshakeAllThreads done
Event: 4.886 Executing VM operation: HandshakeAllThreads
Event: 4.886 Executing VM operation: HandshakeAllThreads done
Event: 4.902 Executing VM operation: HandshakeAllThreads
Event: 4.902 Executing VM operation: HandshakeAllThreads done
Event: 4.928 Executing VM operation: ICBufferFull
Event: 4.928 Executing VM operation: ICBufferFull done
Event: 4.952 Executing VM operation: HandshakeAllThreads
Event: 4.952 Executing VM operation: HandshakeAllThreads done
Event: 4.958 Executing VM operation: HandshakeAllThreads
Event: 4.958 Executing VM operation: HandshakeAllThreads done
Event: 5.115 Executing VM operation: G1CollectForAllocation
Event: 5.121 Executing VM operation: G1CollectForAllocation done
Event: 6.125 Executing VM operation: Cleanup
Event: 6.145 Executing VM operation: Cleanup done

Events (20 events):
Event: 6.070 loading class java/io/ObjectInputStream
Event: 6.070 loading class java/io/ObjectInput
Event: 6.070 loading class java/io/ObjectInput done
Event: 6.070 loading class java/io/ObjectStreamConstants
Event: 6.071 loading class java/io/ObjectStreamConstants done
Event: 6.071 loading class java/io/ObjectInputStream done
Event: 6.071 loading class java/io/ObjectOutputStream
Event: 6.071 loading class java/io/ObjectOutput
Event: 6.071 loading class java/io/ObjectOutput done
Event: 6.071 loading class java/io/ObjectOutputStream done
Event: 6.246 loading class java/text/MessageFormat
Event: 6.251 loading class java/text/MessageFormat done
Event: 6.416 loading class java/beans/Introspector
Event: 6.417 loading class java/beans/Introspector done
Event: 6.417 loading class java/beans/EventSetDescriptor
Event: 6.418 loading class java/beans/EventSetDescriptor done
Event: 6.418 loading class java/beans/Introspector$1
Event: 6.419 loading class jdk/internal/access/JavaBeansAccess
Event: 6.419 loading class jdk/internal/access/JavaBeansAccess done
Event: 6.419 loading class java/beans/Introspector$1 done


Dynamic libraries:
0x00007ff750690000 - 0x00007ff7506a0000 	C:\Program Files\Java\jdk-17\bin\java.exe
0x00007ffbce390000 - 0x00007ffbce588000 	C:\Windows\SYSTEM32\ntdll.dll
0x00007ffbcdcc0000 - 0x00007ffbcdd7f000 	C:\Windows\System32\KERNEL32.DLL
0x00007ffbcc100000 - 0x00007ffbcc3d2000 	C:\Windows\System32\KERNELBASE.dll
0x00007ffbcbc30000 - 0x00007ffbcbd30000 	C:\Windows\System32\ucrtbase.dll
0x00007ffbc0d60000 - 0x00007ffbc0d7b000 	C:\Program Files\Java\jdk-17\bin\VCRUNTIME140.dll
0x00007ffbc2710000 - 0x00007ffbc2728000 	C:\Program Files\Java\jdk-17\bin\jli.dll
0x00007ffbcde00000 - 0x00007ffbcdeae000 	C:\Windows\System32\ADVAPI32.dll
0x00007ffbce1f0000 - 0x00007ffbce28e000 	C:\Windows\System32\msvcrt.dll
0x00007ffbccb00000 - 0x00007ffbccb9c000 	C:\Windows\System32\sechost.dll
0x00007ffbcdfe0000 - 0x00007ffbce104000 	C:\Windows\System32\RPCRT4.dll
0x00007ffbccf10000 - 0x00007ffbcd0b1000 	C:\Windows\System32\USER32.dll
0x00007ffbcbf40000 - 0x00007ffbcbf62000 	C:\Windows\System32\win32u.dll
0x00007ffbce300000 - 0x00007ffbce32b000 	C:\Windows\System32\GDI32.dll
0x00007ffbb6420000 - 0x00007ffbb66ba000 	C:\Windows\WinSxS\amd64_microsoft.windows.common-controls_6595b64144ccf1df_6.0.19041.1110_none_60b5254171f9507e\COMCTL32.dll
0x00007ffbcba90000 - 0x00007ffbcbb9f000 	C:\Windows\System32\gdi32full.dll
0x00007ffbcbfe0000 - 0x00007ffbcc07d000 	C:\Windows\System32\msvcp_win.dll
0x00007ffbc0d40000 - 0x00007ffbc0d4a000 	C:\Windows\SYSTEM32\VERSION.dll
0x00007ffbcc3e0000 - 0x00007ffbcc410000 	C:\Windows\System32\IMM32.DLL
0x00007ffbc2b90000 - 0x00007ffbc2b9c000 	C:\Program Files\Java\jdk-17\bin\vcruntime140_1.dll
0x00007ffbb8880000 - 0x00007ffbb890e000 	C:\Program Files\Java\jdk-17\bin\msvcp140.dll
0x00007ffb8afe0000 - 0x00007ffb8bbb7000 	C:\Program Files\Java\jdk-17\bin\server\jvm.dll
0x00007ffbce2f0000 - 0x00007ffbce2f8000 	C:\Windows\System32\PSAPI.DLL
0x00007ffbc2bf0000 - 0x00007ffbc2bf9000 	C:\Windows\SYSTEM32\WSOCK32.dll
0x00007ffbac5a0000 - 0x00007ffbac5c7000 	C:\Windows\SYSTEM32\WINMM.dll
0x00007ffbcd810000 - 0x00007ffbcd87b000 	C:\Windows\System32\WS2_32.dll
0x00007ffbca2e0000 - 0x00007ffbca2f2000 	C:\Windows\SYSTEM32\kernel.appcore.dll
0x00007ffbc26c0000 - 0x00007ffbc26ca000 	C:\Program Files\Java\jdk-17\bin\jimage.dll
0x00007ffbca0c0000 - 0x00007ffbca2a4000 	C:\Windows\SYSTEM32\DBGHELP.DLL
0x00007ffbafa60000 - 0x00007ffbafa95000 	C:\Windows\SYSTEM32\dbgcore.DLL
0x00007ffbcbba0000 - 0x00007ffbcbc22000 	C:\Windows\System32\bcryptPrimitives.dll
0x00007ffbbd690000 - 0x00007ffbbd6b5000 	C:\Program Files\Java\jdk-17\bin\java.dll
0x00007ffba17b0000 - 0x00007ffba1887000 	C:\Program Files\Java\jdk-17\bin\jsvml.dll
0x00007ffbcd0c0000 - 0x00007ffbcd805000 	C:\Windows\System32\SHELL32.dll
0x00007ffbc9920000 - 0x00007ffbca0b2000 	C:\Windows\SYSTEM32\windows.storage.dll
0x00007ffbccbb0000 - 0x00007ffbccf05000 	C:\Windows\System32\combase.dll
0x00007ffbcb410000 - 0x00007ffbcb440000 	C:\Windows\SYSTEM32\Wldp.dll
0x00007ffbcdbb0000 - 0x00007ffbcdc5d000 	C:\Windows\System32\SHCORE.dll
0x00007ffbcc580000 - 0x00007ffbcc5d5000 	C:\Windows\System32\shlwapi.dll
0x00007ffbcb9d0000 - 0x00007ffbcb9ef000 	C:\Windows\SYSTEM32\profapi.dll
0x00007ffbbd670000 - 0x00007ffbbd689000 	C:\Program Files\Java\jdk-17\bin\net.dll
0x00007ffbb7ca0000 - 0x00007ffbb7daa000 	C:\Windows\SYSTEM32\WINHTTP.dll
0x00007ffbcb170000 - 0x00007ffbcb1da000 	C:\Windows\system32\mswsock.dll
0x00007ffbbced0000 - 0x00007ffbbcee6000 	C:\Program Files\Java\jdk-17\bin\nio.dll
0x00007ffbb90b0000 - 0x00007ffbb90c8000 	C:\Program Files\Java\jdk-17\bin\zip.dll
0x00007ffbbff10000 - 0x00007ffbbff1a000 	C:\Program Files\Java\jdk-17\bin\management.dll
0x00007ffbbfc30000 - 0x00007ffbbfc3b000 	C:\Program Files\Java\jdk-17\bin\management_ext.dll
0x00007ffbc2310000 - 0x00007ffbc2320000 	C:\Program Files\Java\jdk-17\bin\verify.dll

dbghelp: loaded successfully - version: 4.0.5 - missing functions: none
symbol engine: initialized successfully - sym options: 0x614 - pdb path: .;C:\Program Files\Java\jdk-17\bin;C:\Windows\SYSTEM32;C:\Windows\WinSxS\amd64_microsoft.windows.common-controls_6595b64144ccf1df_6.0.19041.1110_none_60b5254171f9507e;C:\Program Files\Java\jdk-17\bin\server

VM Arguments:
java_command: C:\Users\HP\AppData\Local\Temp\surefire8364236974625006648\surefirebooter16750229659620252638.jar C:\Users\HP\AppData\Local\Temp\surefire8364236974625006648 2023-03-27T18-23-19_608-jvmRun1 surefire5496572179129375597tmp surefire_012619978737633341786tmp
java_class_path (initial): C:\Users\HP\AppData\Local\Temp\surefire8364236974625006648\surefirebooter16750229659620252638.jar
Launcher Type: SUN_STANDARD

[Global flags]
     intx CICompilerCount                          = 3                                         {product} {ergonomic}
     uint ConcGCThreads                            = 1                                         {product} {ergonomic}
     uint G1ConcRefinementThreads                  = 4                                         {product} {ergonomic}
   size_t G1HeapRegionSize                         = 1048576                                   {product} {ergonomic}
    uintx GCDrainStackTargetSize                   = 64                                        {product} {ergonomic}
   size_t InitialHeapSize                          = 134217728                                 {product} {ergonomic}
   size_t MarkStackSize                            = 4194304                                   {product} {ergonomic}
   size_t MaxHeapSize                              = 2118123520                                {product} {ergonomic}
   size_t MaxNewSize                               = 1270874112                                {product} {ergonomic}
   size_t MinHeapDeltaBytes                        = 1048576                                   {product} {ergonomic}
   size_t MinHeapSize                              = 8388608                                   {product} {ergonomic}
    uintx NonNMethodCodeHeapSize                   = 5832780                                {pd product} {ergonomic}
    uintx NonProfiledCodeHeapSize                  = 122912730                              {pd product} {ergonomic}
    uintx ProfiledCodeHeapSize                     = 122912730                              {pd product} {ergonomic}
    uintx ReservedCodeCacheSize                    = 251658240                              {pd product} {ergonomic}
     bool SegmentedCodeCache                       = true                                      {product} {ergonomic}
   size_t SoftMaxHeapSize                          = 2118123520                             {manageable} {ergonomic}
     bool UseCompressedClassPointers               = true                           {product lp64_product} {ergonomic}
     bool UseCompressedOops                        = true                           {product lp64_product} {ergonomic}
     bool UseG1GC                                  = true                                      {product} {ergonomic}
     bool UseLargePagesIndividualAllocation        = false                                  {pd product} {ergonomic}

Logging:
Log output configuration:
 #0: stdout all=warning uptime,level,tags
 #1: stderr all=off uptime,level,tags

Environment Variables:
JAVA_HOME=C:\Program Files\Java\jdk-17
PATH=C:\Program Files\Common Files\Oracle\Java\javapath;C:\Windows\system32;C:\Windows;C:\Windows\System32\Wbem;C:\Windows\System32\WindowsPowerShell\v1.0\;C:\Windows\System32\OpenSSH\;C:\Program Files\nodejs\;D:\apache-maven-3.9.0\bin;C:\Program Files\Git\cmd;C:\Users\HP\AppData\Local\Programs\Python\Python310\Scripts\;C:\Users\HP\AppData\Local\Programs\Python\Python310\;C:\Users\HP\AppData\Local\Microsoft\WindowsApps;C:\Users\HP\AppData\Local\GitHubDesktop\bin;C:\Users\HP\AppData\Roaming\npm;C:\Users\HP\AppData\Local\Programs\Microsoft VS Code\bin
USERNAME=HP
LANG=en_US.UTF-8
OS=Windows_NT
PROCESSOR_IDENTIFIER=Intel64 Family 6 Model 78 Stepping 3, GenuineIntel



---------------  S Y S T E M  ---------------

OS:
 Windows 10 , 64 bit Build 19041 (10.0.19041.2546)
OS uptime: 11 days 10:28 hours

CPU: total 4 (initial active 4) (2 cores per cpu, 2 threads per core) family 6 model 78 stepping 3 microcode 0xcc, cx8, cmov, fxsr, ht, mmx, 3dnowpref, sse, sse2, sse3, ssse3, sse4.1, sse4.2, popcnt, lzcnt, tsc, tscinvbit, avx, avx2, aes, erms, clmul, bmi1, bmi2, rtm, adx, fma, vzeroupper, clflush, clflushopt

Memory: 4k page, system-wide physical 8072M (686M free)
TotalPageFile size 10120M (AvailPageFile size 9M)
current process WorkingSet (physical memory assigned to process): 203M, peak: 207M
current process commit charge ("private bytes"): 279M, peak: 286M

vm_info: Java HotSpot(TM) 64-Bit Server VM (17.0.6+9-LTS-190) for windows-amd64 JRE (17.0.6+9-LTS-190), built on Dec  6 2022 15:53:54 by "mach5one" with MS VC++ 17.1 (VS2022)

END.
